# JRE version: OpenJDK Runtime Environment (8.0_242-b01) (build 1.8.0_242-release-1644-b01)
# Java VM: OpenJDK 64-Bit Server VM (25.242-b01 mixed mode windows-amd64 compressed oops)
Heap:
 PSYoungGen      total 236544K, used 177176K [0x00000000d5580000, 0x00000000e6480000, 0x0000000100000000)
  eden space 212992K, 75% used [0x00000000d5580000,0x00000000df2923b8,0x00000000e2580000)
  from space 23552K, 69% used [0x00000000e4d80000,0x00000000e5d73fe8,0x00000000e6480000)
  to   space 32256K, 0% used [0x00000000e2580000,0x00000000e2580000,0x00000000e4500000)
 ParOldGen       total 127488K, used 71656K [0x0000000080000000, 0x0000000087c80000, 0x00000000d5580000)
  object space 127488K, 56% used [0x0000000080000000,0x00000000845fa330,0x0000000087c80000)
 Metaspace       used 96453K, capacity 101101K, committed 101248K, reserved 1136640K
  class space    used 12652K, capacity 13637K, committed 13696K, reserved 1048576K
GC Heap History (10 events):
Event: 25.743 GC heap before
{Heap before GC invocations=20 (full 3):
 PSYoungGen      total 186880K, used 186868K [0x00000000d5580000, 0x00000000e2300000, 0x0000000100000000)
  eden space 171520K, 100% used [0x00000000d5580000,0x00000000dfd00000,0x00000000dfd00000)
  from space 15360K, 99% used [0x00000000e1400000,0x00000000e22fd348,0x00000000e2300000)
  to   space 19456K, 0% used [0x00000000dfd00000,0x00000000dfd00000,0x00000000e1000000)
 ParOldGen       total 67584K, used 32699K [0x0000000080000000, 0x0000000084200000, 0x00000000d5580000)
  object space 67584K, 48% used [0x0000000080000000,0x0000000081feee58,0x0000000084200000)
 Metaspace       used 72420K, capacity 75523K, committed 75648K, reserved 1114112K
  class space    used 9767K, capacity 10367K, committed 10368K, reserved 1048576K
Event: 25.793 GC heap after
Heap after GC invocations=20 (full 3):
 PSYoungGen      total 190976K, used 19427K [0x00000000d5580000, 0x00000000e4600000, 0x0000000100000000)
  eden space 171520K, 0% used [0x00000000d5580000,0x00000000d5580000,0x00000000dfd00000)
  from space 19456K, 99% used [0x00000000dfd00000,0x00000000e0ff8c78,0x00000000e1000000)
  to   space 23552K, 0% used [0x00000000e2f00000,0x00000000e2f00000,0x00000000e4600000)
 ParOldGen       total 67584K, used 36439K [0x0000000080000000, 0x0000000084200000, 0x00000000d5580000)
  object space 67584K, 53% used [0x0000000080000000,0x0000000082395f70,0x0000000084200000)
 Metaspace       used 72420K, capacity 75523K, committed 75648K, reserved 1114112K
  class space    used 9767K, capacity 10367K, committed 10368K, reserved 1048576K
}
Event: 32.069 GC heap before
{Heap before GC invocations=21 (full 3):
 PSYoungGen      total 190976K, used 190947K [0x00000000d5580000, 0x00000000e4600000, 0x0000000100000000)
  eden space 171520K, 100% used [0x00000000d5580000,0x00000000dfd00000,0x00000000dfd00000)
  from space 19456K, 99% used [0x00000000dfd00000,0x00000000e0ff8c78,0x00000000e1000000)
  to   space 23552K, 0% used [0x00000000e2f00000,0x00000000e2f00000,0x00000000e4600000)
 ParOldGen       total 67584K, used 36439K [0x0000000080000000, 0x0000000084200000, 0x00000000d5580000)
  object space 67584K, 53% used [0x0000000080000000,0x0000000082395f70,0x0000000084200000)
 Metaspace       used 81617K, capacity 85329K, committed 85504K, reserved 1122304K
  class space    used 10953K, capacity 11681K, committed 11776K, reserved 1048576K
Event: 32.153 GC heap after
Heap after GC invocations=21 (full 3):
 PSYoungGen      total 213504K, used 23530K [0x00000000d5580000, 0x00000000e5780000, 0x0000000100000000)
  eden space 189952K, 0% used [0x00000000d5580000,0x00000000d5580000,0x00000000e0f00000)
  from space 23552K, 99% used [0x00000000e2f00000,0x00000000e45faa80,0x00000000e4600000)
  to   space 32768K, 0% used [0x00000000e0f00000,0x00000000e0f00000,0x00000000e2f00000)
 ParOldGen       total 67584K, used 50440K [0x0000000080000000, 0x0000000084200000, 0x00000000d5580000)
  object space 67584K, 74% used [0x0000000080000000,0x0000000083142068,0x0000000084200000)
 Metaspace       used 81617K, capacity 85329K, committed 85504K, reserved 1122304K
  class space    used 10953K, capacity 11681K, committed 11776K, reserved 1048576K
}
Event: 35.860 GC heap before
{Heap before GC invocations=22 (full 3):
 PSYoungGen      total 213504K, used 213482K [0x00000000d5580000, 0x00000000e5780000, 0x0000000100000000)
  eden space 189952K, 100% used [0x00000000d5580000,0x00000000e0f00000,0x00000000e0f00000)
  from space 23552K, 99% used [0x00000000e2f00000,0x00000000e45faa80,0x00000000e4600000)
  to   space 32768K, 0% used [0x00000000e0f00000,0x00000000e0f00000,0x00000000e2f00000)
 ParOldGen       total 67584K, used 50440K [0x0000000080000000, 0x0000000084200000, 0x00000000d5580000)
  object space 67584K, 74% used [0x0000000080000000,0x0000000083142068,0x0000000084200000)
 Metaspace       used 86823K, capacity 90945K, committed 91008K, reserved 1128448K
  class space    used 11587K, capacity 12369K, committed 12416K, reserved 1048576K
Event: 35.922 GC heap after
Heap after GC invocations=22 (full 3):
 PSYoungGen      total 222720K, used 18623K [0x00000000d5580000, 0x00000000e6e00000, 0x0000000100000000)
  eden space 189952K, 0% used [0x00000000d5580000,0x00000000d5580000,0x00000000e0f00000)
  from space 32768K, 56% used [0x00000000e0f00000,0x00000000e212fec8,0x00000000e2f00000)
  to   space 33280K, 0% used [0x00000000e4d80000,0x00000000e4d80000,0x00000000e6e00000)
 ParOldGen       total 71680K, used 71570K [0x0000000080000000, 0x0000000084600000, 0x00000000d5580000)
  object space 71680K, 99% used [0x0000000080000000,0x00000000845e4a28,0x0000000084600000)
 Metaspace       used 86823K, capacity 90945K, committed 91008K, reserved 1128448K
  class space    used 11587K, capacity 12369K, committed 12416K, reserved 1048576K
}
Event: 35.923 GC heap before
{Heap before GC invocations=23 (full 4):
 PSYoungGen      total 222720K, used 18623K [0x00000000d5580000, 0x00000000e6e00000, 0x0000000100000000)
  eden space 189952K, 0% used [0x00000000d5580000,0x00000000d5580000,0x00000000e0f00000)
  from space 32768K, 56% used [0x00000000e0f00000,0x00000000e212fec8,0x00000000e2f00000)
  to   space 33280K, 0% used [0x00000000e4d80000,0x00000000e4d80000,0x00000000e6e00000)
 ParOldGen       total 71680K, used 71570K [0x0000000080000000, 0x0000000084600000, 0x00000000d5580000)
  object space 71680K, 99% used [0x0000000080000000,0x00000000845e4a28,0x0000000084600000)
 Metaspace       used 86823K, capacity 90945K, committed 91008K, reserved 1128448K
  class space    used 11587K, capacity 12369K, committed 12416K, reserved 1048576K
Event: 36.969 GC heap after
Heap after GC invocations=23 (full 4):
 PSYoungGen      total 222720K, used 4435K [0x00000000d5580000, 0x00000000e6e00000, 0x0000000100000000)
  eden space 189952K, 0% used [0x00000000d5580000,0x00000000d5580000,0x00000000e0f00000)
  from space 32768K, 13% used [0x00000000e0f00000,0x00000000e1354f28,0x00000000e2f00000)
  to   space 33280K, 0% used [0x00000000e4d80000,0x00000000e4d80000,0x00000000e6e00000)
 ParOldGen       total 127488K, used 71648K [0x0000000080000000, 0x0000000087c80000, 0x00000000d5580000)
  object space 127488K, 56% used [0x0000000080000000,0x00000000845f8330,0x0000000087c80000)
 Metaspace       used 86690K, capacity 90545K, committed 91008K, reserved 1128448K
  class space    used 11547K, capacity 12277K, committed 12416K, reserved 1048576K
}
Event: 41.191 GC heap before
{Heap before GC invocations=24 (full 4):
 PSYoungGen      total 222720K, used 194387K [0x00000000d5580000, 0x00000000e6e00000, 0x0000000100000000)
  eden space 189952K, 100% used [0x00000000d5580000,0x00000000e0f00000,0x00000000e0f00000)
  from space 32768K, 13% used [0x00000000e0f00000,0x00000000e1354f28,0x00000000e2f00000)
  to   space 33280K, 0% used [0x00000000e4d80000,0x00000000e4d80000,0x00000000e6e00000)
 ParOldGen       total 127488K, used 71648K [0x0000000080000000, 0x0000000087c80000, 0x00000000d5580000)
  object space 127488K, 56% used [0x0000000080000000,0x00000000845f8330,0x0000000087c80000)
 Metaspace       used 90762K, capacity 94961K, committed 95232K, reserved 1132544K
  class space    used 12146K, capacity 13011K, committed 13056K, reserved 1048576K
Event: 41.235 GC heap after
Heap after GC invocations=24 (full 4):
 PSYoungGen      total 236544K, used 16335K [0x00000000d5580000, 0x00000000e6480000, 0x0000000100000000)
  eden space 212992K, 0% used [0x00000000d5580000,0x00000000d5580000,0x00000000e2580000)
  from space 23552K, 69% used [0x00000000e4d80000,0x00000000e5d73fe8,0x00000000e6480000)
  to   space 32256K, 0% used [0x00000000e2580000,0x00000000e2580000,0x00000000e4500000)
 ParOldGen       total 127488K, used 71656K [0x0000000080000000, 0x0000000087c80000, 0x00000000d5580000)
  object space 127488K, 56% used [0x0000000080000000,0x00000000845fa330,0x0000000087c80000)
 Metaspace       used 90762K, capacity 94961K, committed 95232K, reserved 1132544K
  class space    used 12146K, capacity 13011K, committed 13056K, reserved 1048576K
}

