# JRE version: OpenJDK Runtime Environment (8.0_242-b01) (build 1.8.0_242-release-1644-b01)
# Java VM: OpenJDK 64-Bit Server VM (25.242-b01 mixed mode windows-amd64 compressed oops)
Heap:
 PSYoungGen      total 515072K, used 416391K [0x00000000d5580000, 0x0000000100000000, 0x0000000100000000)
  eden space 331264K, 70% used [0x00000000d5580000,0x00000000e38a91c0,0x00000000e9900000)
  from space 183808K, 99% used [0x00000000e9900000,0x00000000f4c78b38,0x00000000f4c80000)
  to   space 183808K, 0% used [0x00000000f4c80000,0x00000000f4c80000,0x0000000100000000)
 ParOldGen       total 490496K, used 393390K [0x0000000080000000, 0x000000009df00000, 0x00000000d5580000)
  object space 490496K, 80% used [0x0000000080000000,0x000000009802b890,0x000000009df00000)
 Metaspace       used 158285K, capacity 166408K, committed 166552K, reserved 1193984K
  class space    used 19601K, capacity 21063K, committed 21168K, reserved 1048576K
GC Heap History (10 events):
Event: 2366.386 GC heap before
{Heap before GC invocations=69 (full 12):
 PSYoungGen      total 485376K, used 358013K [0x00000000d5580000, 0x00000000fe680000, 0x0000000100000000)
  eden space 323584K, 100% used [0x00000000d5580000,0x00000000e9180000,0x00000000e9180000)
  from space 161792K, 21% used [0x00000000f4880000,0x00000000f6a1f768,0x00000000fe680000)
  to   space 174592K, 0% used [0x00000000e9180000,0x00000000e9180000,0x00000000f3c00000)
 ParOldGen       total 490496K, used 339881K [0x0000000080000000, 0x000000009df00000, 0x00000000d5580000)
  object space 490496K, 69% used [0x0000000080000000,0x0000000094bea7e8,0x000000009df00000)
 Metaspace       used 157530K, capacity 165470K, committed 166040K, reserved 1193984K
  class space    used 19525K, capacity 20956K, committed 21168K, reserved 1048576K
Event: 2367.712 GC heap after
Heap after GC invocations=69 (full 12):
 PSYoungGen      total 498176K, used 46455K [0x00000000d5580000, 0x00000000fea00000, 0x0000000100000000)
  eden space 323584K, 0% used [0x00000000d5580000,0x00000000d5580000,0x00000000e9180000)
  from space 174592K, 26% used [0x00000000e9180000,0x00000000ebeddc50,0x00000000f3c00000)
  to   space 163840K, 0% used [0x00000000f4a00000,0x00000000f4a00000,0x00000000fea00000)
 ParOldGen       total 490496K, used 339889K [0x0000000080000000, 0x000000009df00000, 0x00000000d5580000)
  object space 490496K, 69% used [0x0000000080000000,0x0000000094bec7e8,0x000000009df00000)
 Metaspace       used 157530K, capacity 165470K, committed 166040K, reserved 1193984K
  class space    used 19525K, capacity 20956K, committed 21168K, reserved 1048576K
}
Event: 2409.442 GC heap before
{Heap before GC invocations=70 (full 12):
 PSYoungGen      total 498176K, used 370039K [0x00000000d5580000, 0x00000000fea00000, 0x0000000100000000)
  eden space 323584K, 100% used [0x00000000d5580000,0x00000000e9180000,0x00000000e9180000)
  from space 174592K, 26% used [0x00000000e9180000,0x00000000ebeddc50,0x00000000f3c00000)
  to   space 163840K, 0% used [0x00000000f4a00000,0x00000000f4a00000,0x00000000fea00000)
 ParOldGen       total 490496K, used 339889K [0x0000000080000000, 0x000000009df00000, 0x00000000d5580000)
  object space 490496K, 69% used [0x0000000080000000,0x0000000094bec7e8,0x000000009df00000)
 Metaspace       used 158059K, capacity 166124K, committed 166296K, reserved 1193984K
  class space    used 19581K, capacity 21027K, committed 21168K, reserved 1048576K
Event: 2410.495 GC heap after
Heap after GC invocations=70 (full 12):
 PSYoungGen      total 487936K, used 41253K [0x00000000d5580000, 0x00000000fd580000, 0x0000000100000000)
  eden space 345088K, 0% used [0x00000000d5580000,0x00000000d5580000,0x00000000ea680000)
  from space 142848K, 28% used [0x00000000f4a00000,0x00000000f7249648,0x00000000fd580000)
  to   space 155136K, 0% used [0x00000000ea680000,0x00000000ea680000,0x00000000f3e00000)
 ParOldGen       total 490496K, used 339897K [0x0000000080000000, 0x000000009df00000, 0x00000000d5580000)
  object space 490496K, 69% used [0x0000000080000000,0x0000000094bee7e8,0x000000009df00000)
 Metaspace       used 158059K, capacity 166124K, committed 166296K, reserved 1193984K
  class space    used 19581K, capacity 21027K, committed 21168K, reserved 1048576K
}
Event: 2418.820 GC heap before
{Heap before GC invocations=71 (full 12):
 PSYoungGen      total 487936K, used 386339K [0x00000000d5580000, 0x00000000fd580000, 0x0000000100000000)
  eden space 345088K, 99% used [0x00000000d5580000,0x00000000ea67f890,0x00000000ea680000)
  from space 142848K, 28% used [0x00000000f4a00000,0x00000000f7249648,0x00000000fd580000)
  to   space 155136K, 0% used [0x00000000ea680000,0x00000000ea680000,0x00000000f3e00000)
 ParOldGen       total 490496K, used 339897K [0x0000000080000000, 0x000000009df00000, 0x00000000d5580000)
  object space 490496K, 69% used [0x0000000080000000,0x0000000094bee7e8,0x000000009df00000)
 Metaspace       used 158276K, capacity 166398K, committed 166552K, reserved 1193984K
  class space    used 19600K, capacity 21062K, committed 21168K, reserved 1048576K
Event: 2419.531 GC heap after
Heap after GC invocations=71 (full 12):
 PSYoungGen      total 500224K, used 27795K [0x00000000d5580000, 0x00000000fde80000, 0x0000000100000000)
  eden space 345088K, 0% used [0x00000000d5580000,0x00000000d5580000,0x00000000ea680000)
  from space 155136K, 17% used [0x00000000ea680000,0x00000000ec1a4d78,0x00000000f3e00000)
  to   space 148992K, 0% used [0x00000000f4d00000,0x00000000f4d00000,0x00000000fde80000)
 ParOldGen       total 490496K, used 339905K [0x0000000080000000, 0x000000009df00000, 0x00000000d5580000)
  object space 490496K, 69% used [0x0000000080000000,0x0000000094bf07e8,0x000000009df00000)
 Metaspace       used 158276K, capacity 166398K, committed 166552K, reserved 1193984K
  class space    used 19600K, capacity 21062K, committed 21168K, reserved 1048576K
}
Event: 2421.400 GC heap before
{Heap before GC invocations=72 (full 12):
 PSYoungGen      total 500224K, used 372883K [0x00000000d5580000, 0x00000000fde80000, 0x0000000100000000)
  eden space 345088K, 100% used [0x00000000d5580000,0x00000000ea680000,0x00000000ea680000)
  from space 155136K, 17% used [0x00000000ea680000,0x00000000ec1a4d78,0x00000000f3e00000)
  to   space 148992K, 0% used [0x00000000f4d00000,0x00000000f4d00000,0x00000000fde80000)
 ParOldGen       total 490496K, used 339905K [0x0000000080000000, 0x000000009df00000, 0x00000000d5580000)
  object space 490496K, 69% used [0x0000000080000000,0x0000000094bf07e8,0x000000009df00000)
 Metaspace       used 158282K, capacity 166404K, committed 166552K, reserved 1193984K
  class space    used 19601K, capacity 21063K, committed 21168K, reserved 1048576K
Event: 2423.119 GC heap after
Heap after GC invocations=72 (full 12):
 PSYoungGen      total 480256K, used 148970K [0x00000000d5580000, 0x0000000100000000, 0x0000000100000000)
  eden space 331264K, 0% used [0x00000000d5580000,0x00000000d5580000,0x00000000e9900000)
  from space 148992K, 99% used [0x00000000f4d00000,0x00000000fde7a820,0x00000000fde80000)
  to   space 183808K, 0% used [0x00000000e9900000,0x00000000e9900000,0x00000000f4c80000)
 ParOldGen       total 490496K, used 361321K [0x0000000080000000, 0x000000009df00000, 0x00000000d5580000)
  object space 490496K, 73% used [0x0000000080000000,0x00000000960da7c8,0x000000009df00000)
 Metaspace       used 158282K, capacity 166404K, committed 166552K, reserved 1193984K
  class space    used 19601K, capacity 21063K, committed 21168K, reserved 1048576K
}
Event: 2425.203 GC heap before
{Heap before GC invocations=73 (full 12):
 PSYoungGen      total 480256K, used 480234K [0x00000000d5580000, 0x0000000100000000, 0x0000000100000000)
  eden space 331264K, 100% used [0x00000000d5580000,0x00000000e9900000,0x00000000e9900000)
  from space 148992K, 99% used [0x00000000f4d00000,0x00000000fde7a820,0x00000000fde80000)
  to   space 183808K, 0% used [0x00000000e9900000,0x00000000e9900000,0x00000000f4c80000)
 ParOldGen       total 490496K, used 361321K [0x0000000080000000, 0x000000009df00000, 0x00000000d5580000)
  object space 490496K, 73% used [0x0000000080000000,0x00000000960da7c8,0x000000009df00000)
 Metaspace       used 158284K, capacity 166408K, committed 166552K, reserved 1193984K
  class space    used 19601K, capacity 21063K, committed 21168K, reserved 1048576K
Event: 2427.263 GC heap after
Heap after GC invocations=73 (full 12):
 PSYoungGen      total 515072K, used 183778K [0x00000000d5580000, 0x0000000100000000, 0x0000000100000000)
  eden space 331264K, 0% used [0x00000000d5580000,0x00000000d5580000,0x00000000e9900000)
  from space 183808K, 99% used [0x00000000e9900000,0x00000000f4c78b38,0x00000000f4c80000)
  to   space 183808K, 0% used [0x00000000f4c80000,0x00000000f4c80000,0x0000000100000000)
 ParOldGen       total 490496K, used 393390K [0x0000000080000000, 0x000000009df00000, 0x00000000d5580000)
  object space 490496K, 80% used [0x0000000080000000,0x000000009802b890,0x000000009df00000)
 Metaspace       used 158284K, capacity 166408K, committed 166552K, reserved 1193984K
  class space    used 19601K, capacity 21063K, committed 21168K, reserved 1048576K
}

