# JRE version: OpenJDK Runtime Environment (8.0_242-b01) (build 1.8.0_242-release-1644-b01)
# Java VM: OpenJDK 64-Bit Server VM (25.242-b01 mixed mode windows-amd64 compressed oops)
Heap:
 PSYoungGen      total 37376K, used 37357K [0x00000000f6400000, 0x00000000f8f00000, 0x0000000100000000)
  eden space 32256K, 100% used [0x00000000f6400000,0x00000000f8380000,0x00000000f8380000)
  from space 5120K, 99% used [0x00000000f8900000,0x00000000f8dfb660,0x00000000f8e00000)
  to   space 5632K, 99% used [0x00000000f8380000,0x00000000f88fa2d0,0x00000000f8900000)
 ParOldGen       total 20480K, used 16699K [0x00000000e2c00000, 0x00000000e4000000, 0x00000000f6400000)
  object space 20480K, 81% used [0x00000000e2c00000,0x00000000e3c56fc0,0x00000000e4000000)
 Metaspace       used 20680K, capacity 21114K, committed 21248K, reserved 1069056K
  class space    used 2358K, capacity 2527K, committed 2560K, reserved 1048576K
GC Heap History (10 events):
Event: 0.812 GC heap after
Heap after GC invocations=2 (full 0):
 PSYoungGen      total 9216K, used 995K [0x00000000f6400000, 0x00000000f6e00000, 0x0000000100000000)
  eden space 8192K, 0% used [0x00000000f6400000,0x00000000f6400000,0x00000000f6c00000)
  from space 1024K, 97% used [0x00000000f6d00000,0x00000000f6df8dc8,0x00000000f6e00000)
  to   space 1024K, 0% used [0x00000000f6c00000,0x00000000f6c00000,0x00000000f6d00000)
 ParOldGen       total 20480K, used 2586K [0x00000000e2c00000, 0x00000000e4000000, 0x00000000f6400000)
  object space 20480K, 12% used [0x00000000e2c00000,0x00000000e2e868c8,0x00000000e4000000)
 Metaspace       used 7231K, capacity 7690K, committed 7936K, reserved 1056768K
  class space    used 686K, capacity 763K, committed 768K, reserved 1048576K
}
Event: 1.021 GC heap before
{Heap before GC invocations=3 (full 0):
 PSYoungGen      total 9216K, used 9187K [0x00000000f6400000, 0x00000000f6e00000, 0x0000000100000000)
  eden space 8192K, 100% used [0x00000000f6400000,0x00000000f6c00000,0x00000000f6c00000)
  from space 1024K, 97% used [0x00000000f6d00000,0x00000000f6df8dc8,0x00000000f6e00000)
  to   space 1024K, 0% used [0x00000000f6c00000,0x00000000f6c00000,0x00000000f6d00000)
 ParOldGen       total 20480K, used 2586K [0x00000000e2c00000, 0x00000000e4000000, 0x00000000f6400000)
  object space 20480K, 12% used [0x00000000e2c00000,0x00000000e2e868c8,0x00000000e4000000)
 Metaspace       used 8674K, capacity 9034K, committed 9216K, reserved 1056768K
  class space    used 885K, capacity 955K, committed 1024K, reserved 1048576K
Event: 1.026 GC heap after
Heap after GC invocations=3 (full 0):
 PSYoungGen      total 9216K, used 1008K [0x00000000f6400000, 0x00000000f7600000, 0x0000000100000000)
  eden space 8192K, 0% used [0x00000000f6400000,0x00000000f6400000,0x00000000f6c00000)
  from space 1024K, 98% used [0x00000000f6c00000,0x00000000f6cfc010,0x00000000f6d00000)
  to   space 1024K, 0% used [0x00000000f7500000,0x00000000f7500000,0x00000000f7600000)
 ParOldGen       total 20480K, used 4321K [0x00000000e2c00000, 0x00000000e4000000, 0x00000000f6400000)
  object space 20480K, 21% used [0x00000000e2c00000,0x00000000e30385b0,0x00000000e4000000)
 Metaspace       used 8674K, capacity 9034K, committed 9216K, reserved 1056768K
  class space    used 885K, capacity 955K, committed 1024K, reserved 1048576K
}
Event: 1.274 GC heap before
{Heap before GC invocations=4 (full 0):
 PSYoungGen      total 9216K, used 9200K [0x00000000f6400000, 0x00000000f7600000, 0x0000000100000000)
  eden space 8192K, 100% used [0x00000000f6400000,0x00000000f6c00000,0x00000000f6c00000)
  from space 1024K, 98% used [0x00000000f6c00000,0x00000000f6cfc010,0x00000000f6d00000)
  to   space 1024K, 0% used [0x00000000f7500000,0x00000000f7500000,0x00000000f7600000)
 ParOldGen       total 20480K, used 4321K [0x00000000e2c00000, 0x00000000e4000000, 0x00000000f6400000)
  object space 20480K, 21% used [0x00000000e2c00000,0x00000000e30385b0,0x00000000e4000000)
 Metaspace       used 10228K, capacity 10394K, committed 10624K, reserved 1058816K
  class space    used 1075K, capacity 1147K, committed 1152K, reserved 1048576K
Event: 1.279 GC heap after
Heap after GC invocations=4 (full 0):
 PSYoungGen      total 17408K, used 1024K [0x00000000f6400000, 0x00000000f7600000, 0x0000000100000000)
  eden space 16384K, 0% used [0x00000000f6400000,0x00000000f6400000,0x00000000f7400000)
  from space 1024K, 100% used [0x00000000f7500000,0x00000000f7600000,0x00000000f7600000)
  to   space 1024K, 0% used [0x00000000f7400000,0x00000000f7400000,0x00000000f7500000)
 ParOldGen       total 20480K, used 6279K [0x00000000e2c00000, 0x00000000e4000000, 0x00000000f6400000)
  object space 20480K, 30% used [0x00000000e2c00000,0x00000000e3221d40,0x00000000e4000000)
 Metaspace       used 10228K, capacity 10394K, committed 10624K, reserved 1058816K
  class space    used 1075K, capacity 1147K, committed 1152K, reserved 1048576K
}
Event: 1.746 GC heap before
{Heap before GC invocations=5 (full 0):
 PSYoungGen      total 17408K, used 17408K [0x00000000f6400000, 0x00000000f7600000, 0x0000000100000000)
  eden space 16384K, 100% used [0x00000000f6400000,0x00000000f7400000,0x00000000f7400000)
  from space 1024K, 100% used [0x00000000f7500000,0x00000000f7600000,0x00000000f7600000)
  to   space 1024K, 0% used [0x00000000f7400000,0x00000000f7400000,0x00000000f7500000)
 ParOldGen       total 20480K, used 6279K [0x00000000e2c00000, 0x00000000e4000000, 0x00000000f6400000)
  object space 20480K, 30% used [0x00000000e2c00000,0x00000000e3221d40,0x00000000e4000000)
 Metaspace       used 12050K, capacity 12250K, committed 12416K, reserved 1060864K
  class space    used 1299K, capacity 1387K, committed 1408K, reserved 1048576K
Event: 1.755 GC heap after
Heap after GC invocations=5 (full 0):
 PSYoungGen      total 17408K, used 1024K [0x00000000f6400000, 0x00000000f8e00000, 0x0000000100000000)
  eden space 16384K, 0% used [0x00000000f6400000,0x00000000f6400000,0x00000000f7400000)
  from space 1024K, 100% used [0x00000000f7400000,0x00000000f7500000,0x00000000f7500000)
  to   space 5120K, 0% used [0x00000000f8900000,0x00000000f8900000,0x00000000f8e00000)
 ParOldGen       total 20480K, used 10243K [0x00000000e2c00000, 0x00000000e4000000, 0x00000000f6400000)
  object space 20480K, 50% used [0x00000000e2c00000,0x00000000e3600d10,0x00000000e4000000)
 Metaspace       used 12050K, capacity 12250K, committed 12416K, reserved 1060864K
  class space    used 1299K, capacity 1387K, committed 1408K, reserved 1048576K
}
Event: 2.300 GC heap before
{Heap before GC invocations=6 (full 0):
 PSYoungGen      total 17408K, used 17408K [0x00000000f6400000, 0x00000000f8e00000, 0x0000000100000000)
  eden space 16384K, 100% used [0x00000000f6400000,0x00000000f7400000,0x00000000f7400000)
  from space 1024K, 100% used [0x00000000f7400000,0x00000000f7500000,0x00000000f7500000)
  to   space 5120K, 0% used [0x00000000f8900000,0x00000000f8900000,0x00000000f8e00000)
 ParOldGen       total 20480K, used 10243K [0x00000000e2c00000, 0x00000000e4000000, 0x00000000f6400000)
  object space 20480K, 50% used [0x00000000e2c00000,0x00000000e3600d10,0x00000000e4000000)
 Metaspace       used 15673K, capacity 16004K, committed 16256K, reserved 1062912K
  class space    used 1769K, capacity 1872K, committed 1920K, reserved 1048576K
Event: 2.308 GC heap after
Heap after GC invocations=6 (full 0):
 PSYoungGen      total 37376K, used 5101K [0x00000000f6400000, 0x00000000f8f00000, 0x0000000100000000)
  eden space 32256K, 0% used [0x00000000f6400000,0x00000000f6400000,0x00000000f8380000)
  from space 5120K, 99% used [0x00000000f8900000,0x00000000f8dfb660,0x00000000f8e00000)
  to   space 5632K, 0% used [0x00000000f8380000,0x00000000f8380000,0x00000000f8900000)
 ParOldGen       total 20480K, used 10275K [0x00000000e2c00000, 0x00000000e4000000, 0x00000000f6400000)
  object space 20480K, 50% used [0x00000000e2c00000,0x00000000e3608d10,0x00000000e4000000)
 Metaspace       used 15673K, capacity 16004K, committed 16256K, reserved 1062912K
  class space    used 1769K, capacity 1872K, committed 1920K, reserved 1048576K
}
Event: 2.975 GC heap before
{Heap before GC invocations=7 (full 0):
 PSYoungGen      total 37376K, used 37357K [0x00000000f6400000, 0x00000000f8f00000, 0x0000000100000000)
  eden space 32256K, 100% used [0x00000000f6400000,0x00000000f8380000,0x00000000f8380000)
  from space 5120K, 99% used [0x00000000f8900000,0x00000000f8dfb660,0x00000000f8e00000)
  to   space 5632K, 0% used [0x00000000f8380000,0x00000000f8380000,0x00000000f8900000)
 ParOldGen       total 20480K, used 10275K [0x00000000e2c00000, 0x00000000e4000000, 0x00000000f6400000)
  object space 20480K, 50% used [0x00000000e2c00000,0x00000000e3608d10,0x00000000e4000000)
 Metaspace       used 20680K, capacity 21114K, committed 21248K, reserved 1069056K
  class space    used 2358K, capacity 2527K, committed 2560K, reserved 1048576K

