# JRE version: OpenJDK Runtime Environment (8.0_242-b01) (build 1.8.0_242-release-1644-b01)
# Java VM: OpenJDK 64-Bit Server VM (25.242-b01 mixed mode windows-amd64 compressed oops)
Heap:
 PSYoungGen      total 115200K, used 7113K [0x00000000f6400000, 0x0000000100000000, 0x0000000100000000)
  eden space 79360K, 7% used [0x00000000f6400000,0x00000000f6a12528,0x00000000fb180000)
  from space 35840K, 2% used [0x00000000fd780000,0x00000000fd860298,0x00000000ffa80000)
  to   space 38912K, 0% used [0x00000000fb180000,0x00000000fb180000,0x00000000fd780000)
 ParOldGen       total 115200K, used 70354K [0x00000000e2c00000, 0x00000000e9c80000, 0x00000000f6400000)
  object space 115200K, 61% used [0x00000000e2c00000,0x00000000e70b4b10,0x00000000e9c80000)
 Metaspace       used 57796K, capacity 58978K, committed 59224K, reserved 1101824K
  class space    used 6653K, capacity 6951K, committed 7040K, reserved 1048576K
GC Heap History (10 events):
Event: 12.185 GC heap before
{Heap before GC invocations=15 (full 2):
 PSYoungGen      total 80896K, used 77733K [0x00000000f6400000, 0x00000000fcd00000, 0x0000000100000000)
  eden space 60928K, 100% used [0x00000000f6400000,0x00000000f9f80000,0x00000000f9f80000)
  from space 19968K, 84% used [0x00000000fb500000,0x00000000fc5694d0,0x00000000fc880000)
  to   space 22016K, 0% used [0x00000000f9f80000,0x00000000f9f80000,0x00000000fb500000)
 ParOldGen       total 70656K, used 37121K [0x00000000e2c00000, 0x00000000e7100000, 0x00000000f6400000)
  object space 70656K, 52% used [0x00000000e2c00000,0x00000000e50405b8,0x00000000e7100000)
 Metaspace       used 46810K, capacity 47702K, committed 48088K, reserved 1091584K
  class space    used 5523K, capacity 5789K, committed 5888K, reserved 1048576K
Event: 12.239 GC heap after
Heap after GC invocations=15 (full 2):
 PSYoungGen      total 82944K, used 21988K [0x00000000f6400000, 0x00000000fdf80000, 0x0000000100000000)
  eden space 60928K, 0% used [0x00000000f6400000,0x00000000f6400000,0x00000000f9f80000)
  from space 22016K, 99% used [0x00000000f9f80000,0x00000000fb4f91c0,0x00000000fb500000)
  to   space 26112K, 0% used [0x00000000fc600000,0x00000000fc600000,0x00000000fdf80000)
 ParOldGen       total 70656K, used 38536K [0x00000000e2c00000, 0x00000000e7100000, 0x00000000f6400000)
  object space 70656K, 54% used [0x00000000e2c00000,0x00000000e51a22e8,0x00000000e7100000)
 Metaspace       used 46810K, capacity 47702K, committed 48088K, reserved 1091584K
  class space    used 5523K, capacity 5789K, committed 5888K, reserved 1048576K
}
Event: 14.924 GC heap before
{Heap before GC invocations=16 (full 2):
 PSYoungGen      total 82944K, used 82916K [0x00000000f6400000, 0x00000000fdf80000, 0x0000000100000000)
  eden space 60928K, 100% used [0x00000000f6400000,0x00000000f9f80000,0x00000000f9f80000)
  from space 22016K, 99% used [0x00000000f9f80000,0x00000000fb4f91c0,0x00000000fb500000)
  to   space 26112K, 0% used [0x00000000fc600000,0x00000000fc600000,0x00000000fdf80000)
 ParOldGen       total 70656K, used 38536K [0x00000000e2c00000, 0x00000000e7100000, 0x00000000f6400000)
  object space 70656K, 54% used [0x00000000e2c00000,0x00000000e51a22e8,0x00000000e7100000)
 Metaspace       used 53109K, capacity 54260K, committed 54616K, reserved 1097728K
  class space    used 6352K, capacity 6660K, committed 6784K, reserved 1048576K
Event: 15.002 GC heap after
Heap after GC invocations=16 (full 2):
 PSYoungGen      total 93696K, used 26089K [0x00000000f6400000, 0x00000000fed00000, 0x0000000100000000)
  eden space 67584K, 0% used [0x00000000f6400000,0x00000000f6400000,0x00000000fa600000)
  from space 26112K, 99% used [0x00000000fc600000,0x00000000fdf7a6f0,0x00000000fdf80000)
  to   space 32768K, 0% used [0x00000000fa600000,0x00000000fa600000,0x00000000fc600000)
 ParOldGen       total 70656K, used 44818K [0x00000000e2c00000, 0x00000000e7100000, 0x00000000f6400000)
  object space 70656K, 63% used [0x00000000e2c00000,0x00000000e57c4950,0x00000000e7100000)
 Metaspace       used 53109K, capacity 54260K, committed 54616K, reserved 1097728K
  class space    used 6352K, capacity 6660K, committed 6784K, reserved 1048576K
}
Event: 18.592 GC heap before
{Heap before GC invocations=17 (full 2):
 PSYoungGen      total 93696K, used 93673K [0x00000000f6400000, 0x00000000fed00000, 0x0000000100000000)
  eden space 67584K, 100% used [0x00000000f6400000,0x00000000fa600000,0x00000000fa600000)
  from space 26112K, 99% used [0x00000000fc600000,0x00000000fdf7a6f0,0x00000000fdf80000)
  to   space 32768K, 0% used [0x00000000fa600000,0x00000000fa600000,0x00000000fc600000)
 ParOldGen       total 70656K, used 44818K [0x00000000e2c00000, 0x00000000e7100000, 0x00000000f6400000)
  object space 70656K, 63% used [0x00000000e2c00000,0x00000000e57c4950,0x00000000e7100000)
 Metaspace       used 55966K, capacity 57184K, committed 57560K, reserved 1099776K
  class space    used 6494K, capacity 6806K, committed 6912K, reserved 1048576K
Event: 18.663 GC heap after
Heap after GC invocations=17 (full 2):
 PSYoungGen      total 100352K, used 26971K [0x00000000f6400000, 0x00000000ffa80000, 0x0000000100000000)
  eden space 67584K, 0% used [0x00000000f6400000,0x00000000f6400000,0x00000000fa600000)
  from space 32768K, 82% used [0x00000000fa600000,0x00000000fc056fe0,0x00000000fc600000)
  to   space 35840K, 0% used [0x00000000fd780000,0x00000000fd780000,0x00000000ffa80000)
 ParOldGen       total 70656K, used 56787K [0x00000000e2c00000, 0x00000000e7100000, 0x00000000f6400000)
  object space 70656K, 80% used [0x00000000e2c00000,0x00000000e6374c58,0x00000000e7100000)
 Metaspace       used 55966K, capacity 57184K, committed 57560K, reserved 1099776K
  class space    used 6494K, capacity 6806K, committed 6912K, reserved 1048576K
}
Event: 20.510 GC heap before
{Heap before GC invocations=18 (full 2):
 PSYoungGen      total 100352K, used 63529K [0x00000000f6400000, 0x00000000ffa80000, 0x0000000100000000)
  eden space 67584K, 54% used [0x00000000f6400000,0x00000000f87b3450,0x00000000fa600000)
  from space 32768K, 82% used [0x00000000fa600000,0x00000000fc056fe0,0x00000000fc600000)
  to   space 35840K, 0% used [0x00000000fd780000,0x00000000fd780000,0x00000000ffa80000)
 ParOldGen       total 70656K, used 56787K [0x00000000e2c00000, 0x00000000e7100000, 0x00000000f6400000)
  object space 70656K, 80% used [0x00000000e2c00000,0x00000000e6374c58,0x00000000e7100000)
 Metaspace       used 57659K, capacity 58850K, committed 58968K, reserved 1101824K
  class space    used 6641K, capacity 6951K, committed 7040K, reserved 1048576K
Event: 20.552 GC heap after
Heap after GC invocations=18 (full 2):
 PSYoungGen      total 115200K, used 28619K [0x00000000f6400000, 0x0000000100000000, 0x0000000100000000)
  eden space 79360K, 0% used [0x00000000f6400000,0x00000000f6400000,0x00000000fb180000)
  from space 35840K, 79% used [0x00000000fd780000,0x00000000ff372d80,0x00000000ffa80000)
  to   space 38912K, 0% used [0x00000000fb180000,0x00000000fb180000,0x00000000fd780000)
 ParOldGen       total 70656K, used 56795K [0x00000000e2c00000, 0x00000000e7100000, 0x00000000f6400000)
  object space 70656K, 80% used [0x00000000e2c00000,0x00000000e6376c58,0x00000000e7100000)
 Metaspace       used 57659K, capacity 58850K, committed 58968K, reserved 1101824K
  class space    used 6641K, capacity 6951K, committed 7040K, reserved 1048576K
}
Event: 20.552 GC heap before
{Heap before GC invocations=19 (full 3):
 PSYoungGen      total 115200K, used 28619K [0x00000000f6400000, 0x0000000100000000, 0x0000000100000000)
  eden space 79360K, 0% used [0x00000000f6400000,0x00000000f6400000,0x00000000fb180000)
  from space 35840K, 79% used [0x00000000fd780000,0x00000000ff372d80,0x00000000ffa80000)
  to   space 38912K, 0% used [0x00000000fb180000,0x00000000fb180000,0x00000000fd780000)
 ParOldGen       total 70656K, used 56795K [0x00000000e2c00000, 0x00000000e7100000, 0x00000000f6400000)
  object space 70656K, 80% used [0x00000000e2c00000,0x00000000e6376c58,0x00000000e7100000)
 Metaspace       used 57659K, capacity 58850K, committed 58968K, reserved 1101824K
  class space    used 6641K, capacity 6951K, committed 7040K, reserved 1048576K
Event: 21.018 GC heap after
Heap after GC invocations=19 (full 3):
 PSYoungGen      total 115200K, used 896K [0x00000000f6400000, 0x0000000100000000, 0x0000000100000000)
  eden space 79360K, 0% used [0x00000000f6400000,0x00000000f6400000,0x00000000fb180000)
  from space 35840K, 2% used [0x00000000fd780000,0x00000000fd860298,0x00000000ffa80000)
  to   space 38912K, 0% used [0x00000000fb180000,0x00000000fb180000,0x00000000fd780000)
 ParOldGen       total 115200K, used 70354K [0x00000000e2c00000, 0x00000000e9c80000, 0x00000000f6400000)
  object space 115200K, 61% used [0x00000000e2c00000,0x00000000e70b4b10,0x00000000e9c80000)
 Metaspace       used 57659K, capacity 58850K, committed 58968K, reserved 1101824K
  class space    used 6641K, capacity 6951K, committed 7040K, reserved 1048576K
}

