# JRE version: OpenJDK Runtime Environment (8.0_242-b01) (build 1.8.0_242-release-1644-b01)
# Java VM: OpenJDK 64-Bit Server VM (25.242-b01 mixed mode windows-amd64 compressed oops)
Heap:
 PSYoungGen      total 468992K, used 162087K [0x00000000d5580000, 0x00000000f6880000, 0x0000000100000000)
  eden space 393216K, 38% used [0x00000000d5580000,0x00000000de774750,0x00000000ed580000)
  from space 75776K, 16% used [0x00000000f1e80000,0x00000000f2ad5740,0x00000000f6880000)
  to   space 74752K, 0% used [0x00000000ed580000,0x00000000ed580000,0x00000000f1e80000)
 ParOldGen       total 190976K, used 141479K [0x0000000080000000, 0x000000008ba80000, 0x00000000d5580000)
  object space 190976K, 74% used [0x0000000080000000,0x0000000088a29db8,0x000000008ba80000)
 Metaspace       used 108203K, capacity 113666K, committed 113704K, reserved 1148928K
  class space    used 14042K, capacity 15134K, committed 15152K, reserved 1048576K
GC Heap History (10 events):
Event: 268.496 GC heap before
{Heap before GC invocations=25 (full 4):
 PSYoungGen      total 321536K, used 320563K [0x00000000d5580000, 0x00000000eb400000, 0x0000000100000000)
  eden space 292352K, 100% used [0x00000000d5580000,0x00000000e7300000,0x00000000e7300000)
  from space 29184K, 96% used [0x00000000e9400000,0x00000000eaf8cf70,0x00000000eb080000)
  to   space 33280K, 0% used [0x00000000e7300000,0x00000000e7300000,0x00000000e9380000)
 ParOldGen       total 113152K, used 69363K [0x0000000080000000, 0x0000000086e80000, 0x00000000d5580000)
  object space 113152K, 61% used [0x0000000080000000,0x00000000843bcda8,0x0000000086e80000)
 Metaspace       used 98320K, capacity 103084K, committed 103208K, reserved 1138688K
  class space    used 12855K, capacity 13790K, committed 13872K, reserved 1048576K
Event: 270.433 GC heap after
Heap after GC invocations=25 (full 4):
 PSYoungGen      total 325632K, used 33255K [0x00000000d5580000, 0x00000000ef480000, 0x0000000100000000)
  eden space 292352K, 0% used [0x00000000d5580000,0x00000000d5580000,0x00000000e7300000)
  from space 33280K, 99% used [0x00000000e7300000,0x00000000e9379e00,0x00000000e9380000)
  to   space 43520K, 0% used [0x00000000eca00000,0x00000000eca00000,0x00000000ef480000)
 ParOldGen       total 113152K, used 82474K [0x0000000080000000, 0x0000000086e80000, 0x00000000d5580000)
  object space 113152K, 72% used [0x0000000080000000,0x000000008508abb8,0x0000000086e80000)
 Metaspace       used 98320K, capacity 103084K, committed 103208K, reserved 1138688K
  class space    used 12855K, capacity 13790K, committed 13872K, reserved 1048576K
}
Event: 341.441 GC heap before
{Heap before GC invocations=26 (full 4):
 PSYoungGen      total 325632K, used 325607K [0x00000000d5580000, 0x00000000ef480000, 0x0000000100000000)
  eden space 292352K, 100% used [0x00000000d5580000,0x00000000e7300000,0x00000000e7300000)
  from space 33280K, 99% used [0x00000000e7300000,0x00000000e9379e00,0x00000000e9380000)
  to   space 43520K, 0% used [0x00000000eca00000,0x00000000eca00000,0x00000000ef480000)
 ParOldGen       total 113152K, used 82474K [0x0000000080000000, 0x0000000086e80000, 0x00000000d5580000)
  object space 113152K, 72% used [0x0000000080000000,0x000000008508abb8,0x0000000086e80000)
 Metaspace       used 104448K, capacity 109758K, committed 110120K, reserved 1144832K
  class space    used 13698K, capacity 14786K, committed 14896K, reserved 1048576K
Event: 343.381 GC heap after
Heap after GC invocations=26 (full 4):
 PSYoungGen      total 370176K, used 43504K [0x00000000d5580000, 0x00000000f0b00000, 0x0000000100000000)
  eden space 326656K, 0% used [0x00000000d5580000,0x00000000d5580000,0x00000000e9480000)
  from space 43520K, 99% used [0x00000000eca00000,0x00000000ef47c210,0x00000000ef480000)
  to   space 54784K, 0% used [0x00000000e9480000,0x00000000e9480000,0x00000000eca00000)
 ParOldGen       total 113152K, used 92281K [0x0000000080000000, 0x0000000086e80000, 0x00000000d5580000)
  object space 113152K, 81% used [0x0000000080000000,0x0000000085a1e458,0x0000000086e80000)
 Metaspace       used 104448K, capacity 109758K, committed 110120K, reserved 1144832K
  class space    used 13698K, capacity 14786K, committed 14896K, reserved 1048576K
}
Event: 355.802 GC heap before
{Heap before GC invocations=27 (full 4):
 PSYoungGen      total 370176K, used 370160K [0x00000000d5580000, 0x00000000f0b00000, 0x0000000100000000)
  eden space 326656K, 100% used [0x00000000d5580000,0x00000000e9480000,0x00000000e9480000)
  from space 43520K, 99% used [0x00000000eca00000,0x00000000ef47c210,0x00000000ef480000)
  to   space 54784K, 0% used [0x00000000e9480000,0x00000000e9480000,0x00000000eca00000)
 ParOldGen       total 113152K, used 92281K [0x0000000080000000, 0x0000000086e80000, 0x00000000d5580000)
  object space 113152K, 81% used [0x0000000080000000,0x0000000085a1e458,0x0000000086e80000)
 Metaspace       used 105327K, capacity 110736K, committed 110888K, reserved 1144832K
  class space    used 13749K, capacity 14887K, committed 14896K, reserved 1048576K
Event: 356.793 GC heap after
Heap after GC invocations=27 (full 4):
 PSYoungGen      total 381440K, used 54764K [0x00000000d5580000, 0x00000000f6a00000, 0x0000000100000000)
  eden space 326656K, 0% used [0x00000000d5580000,0x00000000d5580000,0x00000000e9480000)
  from space 54784K, 99% used [0x00000000e9480000,0x00000000ec9fb148,0x00000000eca00000)
  to   space 77312K, 0% used [0x00000000f1e80000,0x00000000f1e80000,0x00000000f6a00000)
 ParOldGen       total 129024K, used 128698K [0x0000000080000000, 0x0000000087e00000, 0x00000000d5580000)
  object space 129024K, 99% used [0x0000000080000000,0x0000000087dae8a0,0x0000000087e00000)
 Metaspace       used 105327K, capacity 110736K, committed 110888K, reserved 1144832K
  class space    used 13749K, capacity 14887K, committed 14896K, reserved 1048576K
}
Event: 356.795 GC heap before
{Heap before GC invocations=28 (full 5):
 PSYoungGen      total 381440K, used 54764K [0x00000000d5580000, 0x00000000f6a00000, 0x0000000100000000)
  eden space 326656K, 0% used [0x00000000d5580000,0x00000000d5580000,0x00000000e9480000)
  from space 54784K, 99% used [0x00000000e9480000,0x00000000ec9fb148,0x00000000eca00000)
  to   space 77312K, 0% used [0x00000000f1e80000,0x00000000f1e80000,0x00000000f6a00000)
 ParOldGen       total 129024K, used 128698K [0x0000000080000000, 0x0000000087e00000, 0x00000000d5580000)
  object space 129024K, 99% used [0x0000000080000000,0x0000000087dae8a0,0x0000000087e00000)
 Metaspace       used 105327K, capacity 110736K, committed 110888K, reserved 1144832K
  class space    used 13749K, capacity 14887K, committed 14896K, reserved 1048576K
Event: 365.306 GC heap after
Heap after GC invocations=28 (full 5):
 PSYoungGen      total 381440K, used 12207K [0x00000000d5580000, 0x00000000f6a00000, 0x0000000100000000)
  eden space 326656K, 0% used [0x00000000d5580000,0x00000000d5580000,0x00000000e9480000)
  from space 54784K, 22% used [0x00000000e9480000,0x00000000ea06bd58,0x00000000eca00000)
  to   space 77312K, 0% used [0x00000000f1e80000,0x00000000f1e80000,0x00000000f6a00000)
 ParOldGen       total 190976K, used 129015K [0x0000000080000000, 0x000000008ba80000, 0x00000000d5580000)
  object space 190976K, 67% used [0x0000000080000000,0x0000000087dfdf18,0x000000008ba80000)
 Metaspace       used 105258K, capacity 110544K, committed 110888K, reserved 1144832K
  class space    used 13730K, capacity 14831K, committed 14896K, reserved 1048576K
}
Event: 381.547 GC heap before
{Heap before GC invocations=29 (full 5):
 PSYoungGen      total 381440K, used 338863K [0x00000000d5580000, 0x00000000f6a00000, 0x0000000100000000)
  eden space 326656K, 100% used [0x00000000d5580000,0x00000000e9480000,0x00000000e9480000)
  from space 54784K, 22% used [0x00000000e9480000,0x00000000ea06bd58,0x00000000eca00000)
  to   space 77312K, 0% used [0x00000000f1e80000,0x00000000f1e80000,0x00000000f6a00000)
 ParOldGen       total 190976K, used 129015K [0x0000000080000000, 0x000000008ba80000, 0x00000000d5580000)
  object space 190976K, 67% used [0x0000000080000000,0x0000000087dfdf18,0x000000008ba80000)
 Metaspace       used 107675K, capacity 113100K, committed 113192K, reserved 1146880K
  class space    used 13986K, capacity 15081K, committed 15152K, reserved 1048576K
Event: 382.598 GC heap after
Heap after GC invocations=29 (full 5):
 PSYoungGen      total 468992K, used 12629K [0x00000000d5580000, 0x00000000f6880000, 0x0000000100000000)
  eden space 393216K, 0% used [0x00000000d5580000,0x00000000d5580000,0x00000000ed580000)
  from space 75776K, 16% used [0x00000000f1e80000,0x00000000f2ad5740,0x00000000f6880000)
  to   space 74752K, 0% used [0x00000000ed580000,0x00000000ed580000,0x00000000f1e80000)
 ParOldGen       total 190976K, used 141479K [0x0000000080000000, 0x000000008ba80000, 0x00000000d5580000)
  object space 190976K, 74% used [0x0000000080000000,0x0000000088a29db8,0x000000008ba80000)
 Metaspace       used 107675K, capacity 113100K, committed 113192K, reserved 1146880K
  class space    used 13986K, capacity 15081K, committed 15152K, reserved 1048576K
}

