# JRE version: OpenJDK Runtime Environment (8.0_242-b01) (build 1.8.0_242-release-1644-b01)
# Java VM: OpenJDK 64-Bit Server VM (25.242-b01 mixed mode windows-amd64 compressed oops)
Heap:
 PSYoungGen      total 227328K, used 144118K [0x00000000d5580000, 0x00000000e6480000, 0x0000000100000000)
  eden space 202240K, 58% used [0x00000000d5580000,0x00000000dc9c1ed8,0x00000000e1b00000)
  from space 25088K, 99% used [0x00000000e3c00000,0x00000000e547bc18,0x00000000e5480000)
  to   space 33792K, 0% used [0x00000000e1b00000,0x00000000e1b00000,0x00000000e3c00000)
 ParOldGen       total 68608K, used 54073K [0x0000000080000000, 0x0000000084300000, 0x00000000d5580000)
  object space 68608K, 78% used [0x0000000080000000,0x00000000834ce7c8,0x0000000084300000)
 Metaspace       used 83029K, capacity 87154K, committed 87256K, reserved 1124352K
  class space    used 11182K, capacity 11973K, committed 12032K, reserved 1048576K
GC Heap History (10 events):
Event: 17.890 GC heap before
{Heap before GC invocations=17 (full 2):
 PSYoungGen      total 161280K, used 102329K [0x00000000d5580000, 0x00000000e0400000, 0x0000000100000000)
  eden space 147968K, 60% used [0x00000000d5580000,0x00000000dacb1810,0x00000000de600000)
  from space 13312K, 97% used [0x00000000df680000,0x00000000e033ccb0,0x00000000e0380000)
  to   space 15360K, 0% used [0x00000000de600000,0x00000000de600000,0x00000000df500000)
 ParOldGen       total 38400K, used 21227K [0x0000000080000000, 0x0000000082580000, 0x00000000d5580000)
  object space 38400K, 55% used [0x0000000080000000,0x00000000814bad98,0x0000000082580000)
 Metaspace       used 56635K, capacity 58912K, committed 59028K, reserved 1099776K
  class space    used 7444K, capacity 7878K, committed 7936K, reserved 1048576K
Event: 17.913 GC heap after
Heap after GC invocations=17 (full 2):
 PSYoungGen      total 163328K, used 11494K [0x00000000d5580000, 0x00000000e3000000, 0x0000000100000000)
  eden space 147968K, 0% used [0x00000000d5580000,0x00000000d5580000,0x00000000de600000)
  from space 15360K, 74% used [0x00000000de600000,0x00000000df1398e0,0x00000000df500000)
  to   space 16896K, 0% used [0x00000000e1f80000,0x00000000e1f80000,0x00000000e3000000)
 ParOldGen       total 38400K, used 26521K [0x0000000080000000, 0x0000000082580000, 0x00000000d5580000)
  object space 38400K, 69% used [0x0000000080000000,0x00000000819e67b0,0x0000000082580000)
 Metaspace       used 56635K, capacity 58912K, committed 59028K, reserved 1099776K
  class space    used 7444K, capacity 7878K, committed 7936K, reserved 1048576K
}
Event: 17.913 GC heap before
{Heap before GC invocations=18 (full 3):
 PSYoungGen      total 163328K, used 11494K [0x00000000d5580000, 0x00000000e3000000, 0x0000000100000000)
  eden space 147968K, 0% used [0x00000000d5580000,0x00000000d5580000,0x00000000de600000)
  from space 15360K, 74% used [0x00000000de600000,0x00000000df1398e0,0x00000000df500000)
  to   space 16896K, 0% used [0x00000000e1f80000,0x00000000e1f80000,0x00000000e3000000)
 ParOldGen       total 38400K, used 26521K [0x0000000080000000, 0x0000000082580000, 0x00000000d5580000)
  object space 38400K, 69% used [0x0000000080000000,0x00000000819e67b0,0x0000000082580000)
 Metaspace       used 56635K, capacity 58912K, committed 59028K, reserved 1099776K
  class space    used 7444K, capacity 7878K, committed 7936K, reserved 1048576K
Event: 18.289 GC heap after
Heap after GC invocations=18 (full 3):
 PSYoungGen      total 163328K, used 0K [0x00000000d5580000, 0x00000000e3000000, 0x0000000100000000)
  eden space 147968K, 0% used [0x00000000d5580000,0x00000000d5580000,0x00000000de600000)
  from space 15360K, 0% used [0x00000000de600000,0x00000000de600000,0x00000000df500000)
  to   space 16896K, 0% used [0x00000000e1f80000,0x00000000e1f80000,0x00000000e3000000)
 ParOldGen       total 68608K, used 36255K [0x0000000080000000, 0x0000000084300000, 0x00000000d5580000)
  object space 68608K, 52% used [0x0000000080000000,0x0000000082367dd8,0x0000000084300000)
 Metaspace       used 56607K, capacity 58834K, committed 59028K, reserved 1099776K
  class space    used 7435K, capacity 7863K, committed 7936K, reserved 1048576K
}
Event: 21.411 GC heap before
{Heap before GC invocations=19 (full 3):
 PSYoungGen      total 163328K, used 147968K [0x00000000d5580000, 0x00000000e3000000, 0x0000000100000000)
  eden space 147968K, 100% used [0x00000000d5580000,0x00000000de600000,0x00000000de600000)
  from space 15360K, 0% used [0x00000000de600000,0x00000000de600000,0x00000000df500000)
  to   space 16896K, 0% used [0x00000000e1f80000,0x00000000e1f80000,0x00000000e3000000)
 ParOldGen       total 68608K, used 36255K [0x0000000080000000, 0x0000000084300000, 0x00000000d5580000)
  object space 68608K, 52% used [0x0000000080000000,0x0000000082367dd8,0x0000000084300000)
 Metaspace       used 63832K, capacity 66438K, committed 66648K, reserved 1107968K
  class space    used 8547K, capacity 9076K, committed 9088K, reserved 1048576K
Event: 21.458 GC heap after
Heap after GC invocations=19 (full 3):
 PSYoungGen      total 199168K, used 15804K [0x00000000d5580000, 0x00000000e2f00000, 0x0000000100000000)
  eden space 183296K, 0% used [0x00000000d5580000,0x00000000d5580000,0x00000000e0880000)
  from space 15872K, 99% used [0x00000000e1f80000,0x00000000e2eef3d0,0x00000000e2f00000)
  to   space 19456K, 0% used [0x00000000e0900000,0x00000000e0900000,0x00000000e1c00000)
 ParOldGen       total 68608K, used 36263K [0x0000000080000000, 0x0000000084300000, 0x00000000d5580000)
  object space 68608K, 52% used [0x0000000080000000,0x0000000082369dd8,0x0000000084300000)
 Metaspace       used 63832K, capacity 66438K, committed 66648K, reserved 1107968K
  class space    used 8547K, capacity 9076K, committed 9088K, reserved 1048576K
}
Event: 27.222 GC heap before
{Heap before GC invocations=20 (full 3):
 PSYoungGen      total 199168K, used 199100K [0x00000000d5580000, 0x00000000e2f00000, 0x0000000100000000)
  eden space 183296K, 100% used [0x00000000d5580000,0x00000000e0880000,0x00000000e0880000)
  from space 15872K, 99% used [0x00000000e1f80000,0x00000000e2eef3d0,0x00000000e2f00000)
  to   space 19456K, 0% used [0x00000000e0900000,0x00000000e0900000,0x00000000e1c00000)
 ParOldGen       total 68608K, used 36263K [0x0000000080000000, 0x0000000084300000, 0x00000000d5580000)
  object space 68608K, 52% used [0x0000000080000000,0x0000000082369dd8,0x0000000084300000)
 Metaspace       used 73955K, capacity 77032K, committed 77272K, reserved 1116160K
  class space    used 10044K, capacity 10693K, committed 10752K, reserved 1048576K
Event: 27.310 GC heap after
Heap after GC invocations=20 (full 3):
 PSYoungGen      total 203264K, used 19455K [0x00000000d5580000, 0x00000000e5480000, 0x0000000100000000)
  eden space 183808K, 0% used [0x00000000d5580000,0x00000000d5580000,0x00000000e0900000)
  from space 19456K, 99% used [0x00000000e0900000,0x00000000e1bfff80,0x00000000e1c00000)
  to   space 25088K, 0% used [0x00000000e3c00000,0x00000000e3c00000,0x00000000e5480000)
 ParOldGen       total 68608K, used 42623K [0x0000000080000000, 0x0000000084300000, 0x00000000d5580000)
  object space 68608K, 62% used [0x0000000080000000,0x000000008299ffd0,0x0000000084300000)
 Metaspace       used 73955K, capacity 77032K, committed 77272K, reserved 1116160K
  class space    used 10044K, capacity 10693K, committed 10752K, reserved 1048576K
}
Event: 32.269 GC heap before
{Heap before GC invocations=21 (full 3):
 PSYoungGen      total 203264K, used 203263K [0x00000000d5580000, 0x00000000e5480000, 0x0000000100000000)
  eden space 183808K, 100% used [0x00000000d5580000,0x00000000e0900000,0x00000000e0900000)
  from space 19456K, 99% used [0x00000000e0900000,0x00000000e1bfff80,0x00000000e1c00000)
  to   space 25088K, 0% used [0x00000000e3c00000,0x00000000e3c00000,0x00000000e5480000)
 ParOldGen       total 68608K, used 42623K [0x0000000080000000, 0x0000000084300000, 0x00000000d5580000)
  object space 68608K, 62% used [0x0000000080000000,0x000000008299ffd0,0x0000000084300000)
 Metaspace       used 80386K, capacity 84018K, committed 84312K, reserved 1122304K
  class space    used 10844K, capacity 11589K, committed 11648K, reserved 1048576K
Event: 32.335 GC heap after
Heap after GC invocations=21 (full 3):
 PSYoungGen      total 227328K, used 25071K [0x00000000d5580000, 0x00000000e6480000, 0x0000000100000000)
  eden space 202240K, 0% used [0x00000000d5580000,0x00000000d5580000,0x00000000e1b00000)
  from space 25088K, 99% used [0x00000000e3c00000,0x00000000e547bc18,0x00000000e5480000)
  to   space 33792K, 0% used [0x00000000e1b00000,0x00000000e1b00000,0x00000000e3c00000)
 ParOldGen       total 68608K, used 54073K [0x0000000080000000, 0x0000000084300000, 0x00000000d5580000)
  object space 68608K, 78% used [0x0000000080000000,0x00000000834ce7c8,0x0000000084300000)
 Metaspace       used 80386K, capacity 84018K, committed 84312K, reserved 1122304K
  class space    used 10844K, capacity 11589K, committed 11648K, reserved 1048576K
}

