# JRE version: OpenJDK Runtime Environment (8.0_242-b01) (build 1.8.0_242-release-1644-b01)
# Java VM: OpenJDK 64-Bit Server VM (25.242-b01 mixed mode windows-amd64 compressed oops)
Heap:
 PSYoungGen      total 81920K, used 14377K [0x00000000f6400000, 0x00000000ff180000, 0x0000000100000000)
  eden space 59392K, 24% used [0x00000000f6400000,0x00000000f720a600,0x00000000f9e00000)
  from space 22528K, 0% used [0x00000000f9e00000,0x00000000f9e00000,0x00000000fb400000)
  to   space 37376K, 0% used [0x00000000fcd00000,0x00000000fcd00000,0x00000000ff180000)
 ParOldGen       total 73728K, used 62174K [0x00000000e2c00000, 0x00000000e7400000, 0x00000000f6400000)
  object space 73728K, 84% used [0x00000000e2c00000,0x00000000e68b79f8,0x00000000e7400000)
 Metaspace       used 60844K, capacity 62116K, committed 62296K, reserved 1103872K
  class space    used 7165K, capacity 7480K, committed 7552K, reserved 1048576K
GC Heap History (10 events):
Event: 9.314 GC heap before
{Heap before GC invocations=14 (full 2):
 PSYoungGen      total 71680K, used 66713K [0x00000000f6400000, 0x00000000fc780000, 0x0000000100000000)
  eden space 52736K, 100% used [0x00000000f6400000,0x00000000f9780000,0x00000000f9780000)
  from space 18944K, 73% used [0x00000000f9780000,0x00000000fa526548,0x00000000faa00000)
  to   space 19968K, 0% used [0x00000000fb400000,0x00000000fb400000,0x00000000fc780000)
 ParOldGen       total 73728K, used 37188K [0x00000000e2c00000, 0x00000000e7400000, 0x00000000f6400000)
  object space 73728K, 50% used [0x00000000e2c00000,0x00000000e50511b0,0x00000000e7400000)
 Metaspace       used 45749K, capacity 46482K, committed 46936K, reserved 1091584K
  class space    used 5481K, capacity 5705K, committed 5760K, reserved 1048576K
Event: 9.357 GC heap after
Heap after GC invocations=14 (full 2):
 PSYoungGen      total 79360K, used 18275K [0x00000000f6400000, 0x00000000fcd00000, 0x0000000100000000)
  eden space 59392K, 0% used [0x00000000f6400000,0x00000000f6400000,0x00000000f9e00000)
  from space 19968K, 91% used [0x00000000fb400000,0x00000000fc5d8dd8,0x00000000fc780000)
  to   space 22528K, 0% used [0x00000000f9e00000,0x00000000f9e00000,0x00000000fb400000)
 ParOldGen       total 73728K, used 37196K [0x00000000e2c00000, 0x00000000e7400000, 0x00000000f6400000)
  object space 73728K, 50% used [0x00000000e2c00000,0x00000000e50531b0,0x00000000e7400000)
 Metaspace       used 45749K, capacity 46482K, committed 46936K, reserved 1091584K
  class space    used 5481K, capacity 5705K, committed 5760K, reserved 1048576K
}
Event: 11.010 GC heap before
{Heap before GC invocations=15 (full 2):
 PSYoungGen      total 79360K, used 77667K [0x00000000f6400000, 0x00000000fcd00000, 0x0000000100000000)
  eden space 59392K, 100% used [0x00000000f6400000,0x00000000f9e00000,0x00000000f9e00000)
  from space 19968K, 91% used [0x00000000fb400000,0x00000000fc5d8dd8,0x00000000fc780000)
  to   space 22528K, 0% used [0x00000000f9e00000,0x00000000f9e00000,0x00000000fb400000)
 ParOldGen       total 73728K, used 37196K [0x00000000e2c00000, 0x00000000e7400000, 0x00000000f6400000)
  object space 73728K, 50% used [0x00000000e2c00000,0x00000000e50531b0,0x00000000e7400000)
 Metaspace       used 47769K, capacity 48644K, committed 48984K, reserved 1091584K
  class space    used 5656K, capacity 5920K, committed 6016K, reserved 1048576K
Event: 11.045 GC heap after
Heap after GC invocations=15 (full 2):
 PSYoungGen      total 81920K, used 22514K [0x00000000f6400000, 0x00000000fdc80000, 0x0000000100000000)
  eden space 59392K, 0% used [0x00000000f6400000,0x00000000f6400000,0x00000000f9e00000)
  from space 22528K, 99% used [0x00000000f9e00000,0x00000000fb3fca48,0x00000000fb400000)
  to   space 26624K, 0% used [0x00000000fc280000,0x00000000fc280000,0x00000000fdc80000)
 ParOldGen       total 73728K, used 38486K [0x00000000e2c00000, 0x00000000e7400000, 0x00000000f6400000)
  object space 73728K, 52% used [0x00000000e2c00000,0x00000000e5195810,0x00000000e7400000)
 Metaspace       used 47769K, capacity 48644K, committed 48984K, reserved 1091584K
  class space    used 5656K, capacity 5920K, committed 6016K, reserved 1048576K
}
Event: 14.061 GC heap before
{Heap before GC invocations=16 (full 2):
 PSYoungGen      total 81920K, used 81906K [0x00000000f6400000, 0x00000000fdc80000, 0x0000000100000000)
  eden space 59392K, 100% used [0x00000000f6400000,0x00000000f9e00000,0x00000000f9e00000)
  from space 22528K, 99% used [0x00000000f9e00000,0x00000000fb3fca48,0x00000000fb400000)
  to   space 26624K, 0% used [0x00000000fc280000,0x00000000fc280000,0x00000000fdc80000)
 ParOldGen       total 73728K, used 38486K [0x00000000e2c00000, 0x00000000e7400000, 0x00000000f6400000)
  object space 73728K, 52% used [0x00000000e2c00000,0x00000000e5195810,0x00000000e7400000)
 Metaspace       used 53114K, capacity 54232K, committed 54616K, reserved 1097728K
  class space    used 6355K, capacity 6658K, committed 6784K, reserved 1048576K
Event: 14.110 GC heap after
Heap after GC invocations=16 (full 2):
 PSYoungGen      total 86016K, used 26613K [0x00000000f6400000, 0x00000000fdc80000, 0x0000000100000000)
  eden space 59392K, 0% used [0x00000000f6400000,0x00000000f6400000,0x00000000f9e00000)
  from space 26624K, 99% used [0x00000000fc280000,0x00000000fdc7d528,0x00000000fdc80000)
  to   space 22528K, 0% used [0x00000000f9e00000,0x00000000f9e00000,0x00000000fb400000)
 ParOldGen       total 73728K, used 42926K [0x00000000e2c00000, 0x00000000e7400000, 0x00000000f6400000)
  object space 73728K, 58% used [0x00000000e2c00000,0x00000000e55eb9f8,0x00000000e7400000)
 Metaspace       used 53114K, capacity 54232K, committed 54616K, reserved 1097728K
  class space    used 6355K, capacity 6658K, committed 6784K, reserved 1048576K
}
Event: 15.667 GC heap before
{Heap before GC invocations=17 (full 2):
 PSYoungGen      total 86016K, used 63388K [0x00000000f6400000, 0x00000000fdc80000, 0x0000000100000000)
  eden space 59392K, 61% used [0x00000000f6400000,0x00000000f87e9ed0,0x00000000f9e00000)
  from space 26624K, 99% used [0x00000000fc280000,0x00000000fdc7d528,0x00000000fdc80000)
  to   space 22528K, 0% used [0x00000000f9e00000,0x00000000f9e00000,0x00000000fb400000)
 ParOldGen       total 73728K, used 42926K [0x00000000e2c00000, 0x00000000e7400000, 0x00000000f6400000)
  object space 73728K, 58% used [0x00000000e2c00000,0x00000000e55eb9f8,0x00000000e7400000)
 Metaspace       used 57655K, capacity 58814K, committed 59028K, reserved 1101824K
  class space    used 6759K, capacity 7063K, committed 7168K, reserved 1048576K
Event: 15.708 GC heap after
Heap after GC invocations=17 (full 2):
 PSYoungGen      total 81920K, used 22511K [0x00000000f6400000, 0x00000000ff180000, 0x0000000100000000)
  eden space 59392K, 0% used [0x00000000f6400000,0x00000000f6400000,0x00000000f9e00000)
  from space 22528K, 99% used [0x00000000f9e00000,0x00000000fb3fbfb0,0x00000000fb400000)
  to   space 37376K, 0% used [0x00000000fcd00000,0x00000000fcd00000,0x00000000ff180000)
 ParOldGen       total 73728K, used 52178K [0x00000000e2c00000, 0x00000000e7400000, 0x00000000f6400000)
  object space 73728K, 70% used [0x00000000e2c00000,0x00000000e5ef4920,0x00000000e7400000)
 Metaspace       used 57655K, capacity 58814K, committed 59028K, reserved 1101824K
  class space    used 6759K, capacity 7063K, committed 7168K, reserved 1048576K
}
Event: 15.708 GC heap before
{Heap before GC invocations=18 (full 3):
 PSYoungGen      total 81920K, used 22511K [0x00000000f6400000, 0x00000000ff180000, 0x0000000100000000)
  eden space 59392K, 0% used [0x00000000f6400000,0x00000000f6400000,0x00000000f9e00000)
  from space 22528K, 99% used [0x00000000f9e00000,0x00000000fb3fbfb0,0x00000000fb400000)
  to   space 37376K, 0% used [0x00000000fcd00000,0x00000000fcd00000,0x00000000ff180000)
 ParOldGen       total 73728K, used 52178K [0x00000000e2c00000, 0x00000000e7400000, 0x00000000f6400000)
  object space 73728K, 70% used [0x00000000e2c00000,0x00000000e5ef4920,0x00000000e7400000)
 Metaspace       used 57655K, capacity 58814K, committed 59028K, reserved 1101824K
  class space    used 6759K, capacity 7063K, committed 7168K, reserved 1048576K
Event: 16.074 GC heap after
Heap after GC invocations=18 (full 3):
 PSYoungGen      total 81920K, used 0K [0x00000000f6400000, 0x00000000ff180000, 0x0000000100000000)
  eden space 59392K, 0% used [0x00000000f6400000,0x00000000f6400000,0x00000000f9e00000)
  from space 22528K, 0% used [0x00000000f9e00000,0x00000000f9e00000,0x00000000fb400000)
  to   space 37376K, 0% used [0x00000000fcd00000,0x00000000fcd00000,0x00000000ff180000)
 ParOldGen       total 73728K, used 62174K [0x00000000e2c00000, 0x00000000e7400000, 0x00000000f6400000)
  object space 73728K, 84% used [0x00000000e2c00000,0x00000000e68b79f8,0x00000000e7400000)
 Metaspace       used 57655K, capacity 58814K, committed 59028K, reserved 1101824K
  class space    used 6759K, capacity 7063K, committed 7168K, reserved 1048576K
}

