# JRE version: OpenJDK Runtime Environment (8.0_242-b01) (build 1.8.0_242-release-1644-b01)
# Java VM: OpenJDK 64-Bit Server VM (25.242-b01 mixed mode windows-amd64 compressed oops)
Heap:
 PSYoungGen      total 413696K, used 161741K [0x00000000d5580000, 0x00000000f4c00000, 0x0000000100000000)
  eden space 379904K, 35% used [0x00000000d5580000,0x00000000dd9320a8,0x00000000ec880000)
  from space 33792K, 79% used [0x00000000ec880000,0x00000000ee2c1438,0x00000000ee980000)
  to   space 36352K, 0% used [0x00000000f2880000,0x00000000f2880000,0x00000000f4c00000)
 ParOldGen       total 148480K, used 96350K [0x0000000080000000, 0x0000000089100000, 0x00000000d5580000)
  object space 148480K, 64% used [0x0000000080000000,0x0000000085e17a90,0x0000000089100000)
 Metaspace       used 100789K, capacity 105996K, committed 106280K, reserved 1140736K
  class space    used 13074K, capacity 14051K, committed 14128K, reserved 1048576K
GC Heap History (10 events):
Event: 1396.293 GC heap before
{Heap before GC invocations=24 (full 4):
 PSYoungGen      total 323584K, used 323554K [0x00000000d5580000, 0x00000000eeb00000, 0x0000000100000000)
  eden space 290816K, 100% used [0x00000000d5580000,0x00000000e7180000,0x00000000e7180000)
  from space 32768K, 99% used [0x00000000e7180000,0x00000000e9178858,0x00000000e9180000)
  to   space 39424K, 0% used [0x00000000ec480000,0x00000000ec480000,0x00000000eeb00000)
 ParOldGen       total 97280K, used 71387K [0x0000000080000000, 0x0000000085f00000, 0x00000000d5580000)
  object space 97280K, 73% used [0x0000000080000000,0x00000000845b6fa8,0x0000000085f00000)
 Metaspace       used 99012K, capacity 104008K, committed 104104K, reserved 1138688K
  class space    used 13031K, capacity 13985K, committed 14000K, reserved 1048576K
Event: 1398.863 GC heap after
Heap after GC invocations=24 (full 4):
 PSYoungGen      total 358400K, used 17460K [0x00000000d5580000, 0x00000000ee100000, 0x0000000100000000)
  eden space 329216K, 0% used [0x00000000d5580000,0x00000000d5580000,0x00000000e9700000)
  from space 29184K, 59% used [0x00000000ec480000,0x00000000ed58d3d8,0x00000000ee100000)
  to   space 37888K, 0% used [0x00000000e9700000,0x00000000e9700000,0x00000000ebc00000)
 ParOldGen       total 102400K, used 102077K [0x0000000080000000, 0x0000000086400000, 0x00000000d5580000)
  object space 102400K, 99% used [0x0000000080000000,0x00000000863af660,0x0000000086400000)
 Metaspace       used 99012K, capacity 104008K, committed 104104K, reserved 1138688K
  class space    used 13031K, capacity 13985K, committed 14000K, reserved 1048576K
}
Event: 1398.864 GC heap before
{Heap before GC invocations=25 (full 5):
 PSYoungGen      total 358400K, used 17460K [0x00000000d5580000, 0x00000000ee100000, 0x0000000100000000)
  eden space 329216K, 0% used [0x00000000d5580000,0x00000000d5580000,0x00000000e9700000)
  from space 29184K, 59% used [0x00000000ec480000,0x00000000ed58d3d8,0x00000000ee100000)
  to   space 37888K, 0% used [0x00000000e9700000,0x00000000e9700000,0x00000000ebc00000)
 ParOldGen       total 102400K, used 102077K [0x0000000080000000, 0x0000000086400000, 0x00000000d5580000)
  object space 102400K, 99% used [0x0000000080000000,0x00000000863af660,0x0000000086400000)
 Metaspace       used 99012K, capacity 104008K, committed 104104K, reserved 1138688K
  class space    used 13031K, capacity 13985K, committed 14000K, reserved 1048576K
Event: 1403.174 GC heap after
Heap after GC invocations=25 (full 5):
 PSYoungGen      total 358400K, used 0K [0x00000000d5580000, 0x00000000ee100000, 0x0000000100000000)
  eden space 329216K, 0% used [0x00000000d5580000,0x00000000d5580000,0x00000000e9700000)
  from space 29184K, 0% used [0x00000000ec480000,0x00000000ec480000,0x00000000ee100000)
  to   space 37888K, 0% used [0x00000000e9700000,0x00000000e9700000,0x00000000ebc00000)
 ParOldGen       total 148480K, used 96326K [0x0000000080000000, 0x0000000089100000, 0x00000000d5580000)
  object space 148480K, 64% used [0x0000000080000000,0x0000000085e11a90,0x0000000089100000)
 Metaspace       used 98714K, capacity 103270K, committed 104104K, reserved 1138688K
  class space    used 12932K, capacity 13811K, committed 14000K, reserved 1048576K
}
Event: 1428.600 GC heap before
{Heap before GC invocations=26 (full 5):
 PSYoungGen      total 358400K, used 329216K [0x00000000d5580000, 0x00000000ee100000, 0x0000000100000000)
  eden space 329216K, 100% used [0x00000000d5580000,0x00000000e9700000,0x00000000e9700000)
  from space 29184K, 0% used [0x00000000ec480000,0x00000000ec480000,0x00000000ee100000)
  to   space 37888K, 0% used [0x00000000e9700000,0x00000000e9700000,0x00000000ebc00000)
 ParOldGen       total 148480K, used 96326K [0x0000000080000000, 0x0000000089100000, 0x00000000d5580000)
  object space 148480K, 64% used [0x0000000080000000,0x0000000085e11a90,0x0000000089100000)
 Metaspace       used 99106K, capacity 103618K, committed 104360K, reserved 1140736K
  class space    used 12941K, capacity 13826K, committed 14000K, reserved 1048576K
Event: 1429.704 GC heap after
Heap after GC invocations=26 (full 5):
 PSYoungGen      total 367104K, used 14748K [0x00000000d5580000, 0x00000000f1400000, 0x0000000100000000)
  eden space 329216K, 0% used [0x00000000d5580000,0x00000000d5580000,0x00000000e9700000)
  from space 37888K, 38% used [0x00000000e9700000,0x00000000ea567228,0x00000000ebc00000)
  to   space 35840K, 0% used [0x00000000ef100000,0x00000000ef100000,0x00000000f1400000)
 ParOldGen       total 148480K, used 96334K [0x0000000080000000, 0x0000000089100000, 0x00000000d5580000)
  object space 148480K, 64% used [0x0000000080000000,0x0000000085e13a90,0x0000000089100000)
 Metaspace       used 99106K, capacity 103618K, committed 104360K, reserved 1140736K
  class space    used 12941K, capacity 13826K, committed 14000K, reserved 1048576K
}
Event: 1530.014 GC heap before
{Heap before GC invocations=27 (full 5):
 PSYoungGen      total 367104K, used 343964K [0x00000000d5580000, 0x00000000f1400000, 0x0000000100000000)
  eden space 329216K, 100% used [0x00000000d5580000,0x00000000e9700000,0x00000000e9700000)
  from space 37888K, 38% used [0x00000000e9700000,0x00000000ea567228,0x00000000ebc00000)
  to   space 35840K, 0% used [0x00000000ef100000,0x00000000ef100000,0x00000000f1400000)
 ParOldGen       total 148480K, used 96334K [0x0000000080000000, 0x0000000089100000, 0x00000000d5580000)
  object space 148480K, 64% used [0x0000000080000000,0x0000000085e13a90,0x0000000089100000)
 Metaspace       used 99759K, capacity 104408K, committed 105128K, reserved 1140736K
  class space    used 12958K, capacity 13841K, committed 14000K, reserved 1048576K
Event: 1530.886 GC heap after
Heap after GC invocations=27 (full 5):
 PSYoungGen      total 406016K, used 14847K [0x00000000d5580000, 0x00000000f0a80000, 0x0000000100000000)
  eden space 379904K, 0% used [0x00000000d5580000,0x00000000d5580000,0x00000000ec880000)
  from space 26112K, 56% used [0x00000000ef100000,0x00000000eff7fe98,0x00000000f0a80000)
  to   space 33792K, 0% used [0x00000000ec880000,0x00000000ec880000,0x00000000ee980000)
 ParOldGen       total 148480K, used 96342K [0x0000000080000000, 0x0000000089100000, 0x00000000d5580000)
  object space 148480K, 64% used [0x0000000080000000,0x0000000085e15a90,0x0000000089100000)
 Metaspace       used 99759K, capacity 104408K, committed 105128K, reserved 1140736K
  class space    used 12958K, capacity 13841K, committed 14000K, reserved 1048576K
}
Event: 1562.658 GC heap before
{Heap before GC invocations=28 (full 5):
 PSYoungGen      total 406016K, used 394751K [0x00000000d5580000, 0x00000000f0a80000, 0x0000000100000000)
  eden space 379904K, 100% used [0x00000000d5580000,0x00000000ec880000,0x00000000ec880000)
  from space 26112K, 56% used [0x00000000ef100000,0x00000000eff7fe98,0x00000000f0a80000)
  to   space 33792K, 0% used [0x00000000ec880000,0x00000000ec880000,0x00000000ee980000)
 ParOldGen       total 148480K, used 96342K [0x0000000080000000, 0x0000000089100000, 0x00000000d5580000)
  object space 148480K, 64% used [0x0000000080000000,0x0000000085e15a90,0x0000000089100000)
 Metaspace       used 100416K, capacity 105534K, committed 105640K, reserved 1140736K
  class space    used 13035K, capacity 13982K, committed 14000K, reserved 1048576K
Event: 1563.667 GC heap after
Heap after GC invocations=28 (full 5):
 PSYoungGen      total 413696K, used 26885K [0x00000000d5580000, 0x00000000f4c00000, 0x0000000100000000)
  eden space 379904K, 0% used [0x00000000d5580000,0x00000000d5580000,0x00000000ec880000)
  from space 33792K, 79% used [0x00000000ec880000,0x00000000ee2c1438,0x00000000ee980000)
  to   space 36352K, 0% used [0x00000000f2880000,0x00000000f2880000,0x00000000f4c00000)
 ParOldGen       total 148480K, used 96350K [0x0000000080000000, 0x0000000089100000, 0x00000000d5580000)
  object space 148480K, 64% used [0x0000000080000000,0x0000000085e17a90,0x0000000089100000)
 Metaspace       used 100416K, capacity 105534K, committed 105640K, reserved 1140736K
  class space    used 13035K, capacity 13982K, committed 14000K, reserved 1048576K
}

