# JRE version: OpenJDK Runtime Environment (8.0_242-b01) (build 1.8.0_242-release-1644-b01)
# Java VM: OpenJDK 64-Bit Server VM (25.242-b01 mixed mode windows-amd64 compressed oops)
Heap:
 PSYoungGen      total 434688K, used 22942K [0x00000000d5580000, 0x00000000f7500000, 0x0000000100000000)
  eden space 371712K, 6% used [0x00000000d5580000,0x00000000d6be7b38,0x00000000ec080000)
  from space 62976K, 0% used [0x00000000ec080000,0x00000000ec080000,0x00000000efe00000)
  to   space 70656K, 0% used [0x00000000f3000000,0x00000000f3000000,0x00000000f7500000)
 ParOldGen       total 152576K, used 130461K [0x0000000080000000, 0x0000000089500000, 0x00000000d5580000)
  object space 152576K, 85% used [0x0000000080000000,0x0000000087f676c8,0x0000000089500000)
 Metaspace       used 102891K, capacity 107708K, committed 108712K, reserved 1142784K
  class space    used 13308K, capacity 14234K, committed 14512K, reserved 1048576K
GC Heap History (10 events):
Event: 115.865 GC heap before
{Heap before GC invocations=30 (full 5):
 PSYoungGen      total 425472K, used 425469K [0x00000000d5580000, 0x00000000f4100000, 0x0000000100000000)
  eden space 371712K, 100% used [0x00000000d5580000,0x00000000ec080000,0x00000000ec080000)
  from space 53760K, 99% used [0x00000000efe00000,0x00000000f327f458,0x00000000f3280000)
  to   space 62976K, 0% used [0x00000000ec080000,0x00000000ec080000,0x00000000efe00000)
 ParOldGen       total 152576K, used 101354K [0x0000000080000000, 0x0000000089500000, 0x00000000d5580000)
  object space 152576K, 66% used [0x0000000080000000,0x00000000862fabe8,0x0000000089500000)
 Metaspace       used 102841K, capacity 108044K, committed 108072K, reserved 1142784K
  class space    used 13377K, capacity 14381K, committed 14384K, reserved 1048576K
Event: 116.018 GC heap after
Heap after GC invocations=30 (full 5):
 PSYoungGen      total 434688K, used 46111K [0x00000000d5580000, 0x00000000f4100000, 0x0000000100000000)
  eden space 371712K, 0% used [0x00000000d5580000,0x00000000d5580000,0x00000000ec080000)
  from space 62976K, 73% used [0x00000000ec080000,0x00000000eed87c00,0x00000000efe00000)
  to   space 53760K, 0% used [0x00000000efe00000,0x00000000efe00000,0x00000000f3280000)
 ParOldGen       total 152576K, used 118983K [0x0000000080000000, 0x0000000089500000, 0x00000000d5580000)
  object space 152576K, 77% used [0x0000000080000000,0x0000000087431e00,0x0000000089500000)
 Metaspace       used 102841K, capacity 108044K, committed 108072K, reserved 1142784K
  class space    used 13377K, capacity 14381K, committed 14384K, reserved 1048576K
}
Event: 119.237 GC heap before
{Heap before GC invocations=31 (full 5):
 PSYoungGen      total 434688K, used 417823K [0x00000000d5580000, 0x00000000f4100000, 0x0000000100000000)
  eden space 371712K, 100% used [0x00000000d5580000,0x00000000ec080000,0x00000000ec080000)
  from space 62976K, 73% used [0x00000000ec080000,0x00000000eed87c00,0x00000000efe00000)
  to   space 53760K, 0% used [0x00000000efe00000,0x00000000efe00000,0x00000000f3280000)
 ParOldGen       total 152576K, used 118983K [0x0000000080000000, 0x0000000089500000, 0x00000000d5580000)
  object space 152576K, 77% used [0x0000000080000000,0x0000000087431e00,0x0000000089500000)
 Metaspace       used 103000K, capacity 108192K, committed 108456K, reserved 1142784K
  class space    used 13392K, capacity 14393K, committed 14512K, reserved 1048576K
Event: 119.322 GC heap after
Heap after GC invocations=31 (full 5):
 PSYoungGen      total 425472K, used 53736K [0x00000000d5580000, 0x00000000f4100000, 0x0000000100000000)
  eden space 371712K, 0% used [0x00000000d5580000,0x00000000d5580000,0x00000000ec080000)
  from space 53760K, 99% used [0x00000000efe00000,0x00000000f327a0d8,0x00000000f3280000)
  to   space 62976K, 0% used [0x00000000ec080000,0x00000000ec080000,0x00000000efe00000)
 ParOldGen       total 152576K, used 119308K [0x0000000080000000, 0x0000000089500000, 0x00000000d5580000)
  object space 152576K, 78% used [0x0000000080000000,0x0000000087483330,0x0000000089500000)
 Metaspace       used 103000K, capacity 108192K, committed 108456K, reserved 1142784K
  class space    used 13392K, capacity 14393K, committed 14512K, reserved 1048576K
}
Event: 121.910 GC heap before
{Heap before GC invocations=32 (full 5):
 PSYoungGen      total 425472K, used 425448K [0x00000000d5580000, 0x00000000f4100000, 0x0000000100000000)
  eden space 371712K, 100% used [0x00000000d5580000,0x00000000ec080000,0x00000000ec080000)
  from space 53760K, 99% used [0x00000000efe00000,0x00000000f327a0d8,0x00000000f3280000)
  to   space 62976K, 0% used [0x00000000ec080000,0x00000000ec080000,0x00000000efe00000)
 ParOldGen       total 152576K, used 119308K [0x0000000080000000, 0x0000000089500000, 0x00000000d5580000)
  object space 152576K, 78% used [0x0000000080000000,0x0000000087483330,0x0000000089500000)
 Metaspace       used 103119K, capacity 108342K, committed 108712K, reserved 1142784K
  class space    used 13398K, capacity 14396K, committed 14512K, reserved 1048576K
Event: 121.999 GC heap after
Heap after GC invocations=32 (full 5):
 PSYoungGen      total 434688K, used 18952K [0x00000000d5580000, 0x00000000f7500000, 0x0000000100000000)
  eden space 371712K, 0% used [0x00000000d5580000,0x00000000d5580000,0x00000000ec080000)
  from space 62976K, 30% used [0x00000000ec080000,0x00000000ed3021b8,0x00000000efe00000)
  to   space 70656K, 0% used [0x00000000f3000000,0x00000000f3000000,0x00000000f7500000)
 ParOldGen       total 152576K, used 145930K [0x0000000080000000, 0x0000000089500000, 0x00000000d5580000)
  object space 152576K, 95% used [0x0000000080000000,0x0000000088e82808,0x0000000089500000)
 Metaspace       used 103119K, capacity 108342K, committed 108712K, reserved 1142784K
  class space    used 13398K, capacity 14396K, committed 14512K, reserved 1048576K
}
Event: 122.000 GC heap before
{Heap before GC invocations=33 (full 6):
 PSYoungGen      total 434688K, used 18952K [0x00000000d5580000, 0x00000000f7500000, 0x0000000100000000)
  eden space 371712K, 0% used [0x00000000d5580000,0x00000000d5580000,0x00000000ec080000)
  from space 62976K, 30% used [0x00000000ec080000,0x00000000ed3021b8,0x00000000efe00000)
  to   space 70656K, 0% used [0x00000000f3000000,0x00000000f3000000,0x00000000f7500000)
 ParOldGen       total 152576K, used 145930K [0x0000000080000000, 0x0000000089500000, 0x00000000d5580000)
  object space 152576K, 95% used [0x0000000080000000,0x0000000088e82808,0x0000000089500000)
 Metaspace       used 103119K, capacity 108342K, committed 108712K, reserved 1142784K
  class space    used 13398K, capacity 14396K, committed 14512K, reserved 1048576K
Event: 124.363 GC heap after
Heap after GC invocations=33 (full 6):
 PSYoungGen      total 434688K, used 0K [0x00000000d5580000, 0x00000000f7500000, 0x0000000100000000)
  eden space 371712K, 0% used [0x00000000d5580000,0x00000000d5580000,0x00000000ec080000)
  from space 62976K, 0% used [0x00000000ec080000,0x00000000ec080000,0x00000000efe00000)
  to   space 70656K, 0% used [0x00000000f3000000,0x00000000f3000000,0x00000000f7500000)
 ParOldGen       total 152576K, used 133094K [0x0000000080000000, 0x0000000089500000, 0x00000000d5580000)
  object space 152576K, 87% used [0x0000000080000000,0x00000000881f9ab0,0x0000000089500000)
 Metaspace       used 102846K, capacity 107708K, committed 108712K, reserved 1142784K
  class space    used 13306K, capacity 14234K, committed 14512K, reserved 1048576K
}
Event: 126.822 GC heap before
{Heap before GC invocations=34 (full 7):
 PSYoungGen      total 434688K, used 371712K [0x00000000d5580000, 0x00000000f7500000, 0x0000000100000000)
  eden space 371712K, 100% used [0x00000000d5580000,0x00000000ec080000,0x00000000ec080000)
  from space 62976K, 0% used [0x00000000ec080000,0x00000000ec080000,0x00000000efe00000)
  to   space 70656K, 0% used [0x00000000f3000000,0x00000000f3000000,0x00000000f7500000)
 ParOldGen       total 152576K, used 133094K [0x0000000080000000, 0x0000000089500000, 0x00000000d5580000)
  object space 152576K, 87% used [0x0000000080000000,0x00000000881f9ab0,0x0000000089500000)
 Metaspace       used 102891K, capacity 107708K, committed 108712K, reserved 1142784K
  class space    used 13308K, capacity 14234K, committed 14512K, reserved 1048576K
Event: 127.238 GC heap after
Heap after GC invocations=34 (full 7):
 PSYoungGen      total 434688K, used 0K [0x00000000d5580000, 0x00000000f7500000, 0x0000000100000000)
  eden space 371712K, 0% used [0x00000000d5580000,0x00000000d5580000,0x00000000ec080000)
  from space 62976K, 0% used [0x00000000ec080000,0x00000000ec080000,0x00000000efe00000)
  to   space 70656K, 0% used [0x00000000f3000000,0x00000000f3000000,0x00000000f7500000)
 ParOldGen       total 152576K, used 130461K [0x0000000080000000, 0x0000000089500000, 0x00000000d5580000)
  object space 152576K, 85% used [0x0000000080000000,0x0000000087f676c8,0x0000000089500000)
 Metaspace       used 102891K, capacity 107708K, committed 108712K, reserved 1142784K
  class space    used 13308K, capacity 14234K, committed 14512K, reserved 1048576K
}

