# JRE version: OpenJDK Runtime Environment (8.0_242-b01) (build 1.8.0_242-release-1644-b01)
# Java VM: OpenJDK 64-Bit Server VM (25.242-b01 mixed mode windows-amd64 compressed oops)
Heap:
 PSYoungGen      total 487936K, used 150700K [0x00000000d5580000, 0x00000000f8600000, 0x0000000100000000)
  eden space 435200K, 32% used [0x00000000d5580000,0x00000000dde33120,0x00000000efe80000)
  from space 52736K, 20% used [0x00000000efe80000,0x00000000f08f8148,0x00000000f3200000)
  to   space 52224K, 0% used [0x00000000f5300000,0x00000000f5300000,0x00000000f8600000)
 ParOldGen       total 161280K, used 107811K [0x0000000080000000, 0x0000000089d80000, 0x00000000d5580000)
  object space 161280K, 66% used [0x0000000080000000,0x0000000086948f40,0x0000000089d80000)
 Metaspace       used 111342K, capacity 118514K, committed 118824K, reserved 1153024K
  class space    used 14134K, capacity 15326K, committed 15408K, reserved 1048576K
GC Heap History (10 events):
Event: 1930.314 GC heap before
{Heap before GC invocations=34 (full 5):
 PSYoungGen      total 406016K, used 385382K [0x00000000d5580000, 0x00000000f1900000, 0x0000000100000000)
  eden space 366080K, 100% used [0x00000000d5580000,0x00000000ebb00000,0x00000000ebb00000)
  from space 39936K, 48% used [0x00000000ef200000,0x00000000f04d9bf0,0x00000000f1900000)
  to   space 48128K, 0% used [0x00000000ebb00000,0x00000000ebb00000,0x00000000eea00000)
 ParOldGen       total 161280K, used 103888K [0x0000000080000000, 0x0000000089d80000, 0x00000000d5580000)
  object space 161280K, 64% used [0x0000000080000000,0x00000000865742d0,0x0000000089d80000)
 Metaspace       used 109528K, capacity 115256K, committed 115368K, reserved 1148928K
  class space    used 13938K, capacity 14975K, committed 15024K, reserved 1048576K
Event: 1931.251 GC heap after
Heap after GC invocations=34 (full 5):
 PSYoungGen      total 414208K, used 22242K [0x00000000d5580000, 0x00000000f3a00000, 0x0000000100000000)
  eden space 366080K, 0% used [0x00000000d5580000,0x00000000d5580000,0x00000000ebb00000)
  from space 48128K, 46% used [0x00000000ebb00000,0x00000000ed0b8880,0x00000000eea00000)
  to   space 46080K, 0% used [0x00000000f0d00000,0x00000000f0d00000,0x00000000f3a00000)
 ParOldGen       total 161280K, used 103888K [0x0000000080000000, 0x0000000089d80000, 0x00000000d5580000)
  object space 161280K, 64% used [0x0000000080000000,0x00000000865742d0,0x0000000089d80000)
 Metaspace       used 109528K, capacity 115256K, committed 115368K, reserved 1148928K
  class space    used 13938K, capacity 14975K, committed 15024K, reserved 1048576K
}
Event: 2207.241 GC heap before
{Heap before GC invocations=35 (full 5):
 PSYoungGen      total 414208K, used 388322K [0x00000000d5580000, 0x00000000f3a00000, 0x0000000100000000)
  eden space 366080K, 100% used [0x00000000d5580000,0x00000000ebb00000,0x00000000ebb00000)
  from space 48128K, 46% used [0x00000000ebb00000,0x00000000ed0b8880,0x00000000eea00000)
  to   space 46080K, 0% used [0x00000000f0d00000,0x00000000f0d00000,0x00000000f3a00000)
 ParOldGen       total 161280K, used 103888K [0x0000000080000000, 0x0000000089d80000, 0x00000000d5580000)
  object space 161280K, 64% used [0x0000000080000000,0x00000000865742d0,0x0000000089d80000)
 Metaspace       used 109897K, capacity 115732K, committed 115880K, reserved 1150976K
  class space    used 13948K, capacity 14989K, committed 15024K, reserved 1048576K
Event: 2208.456 GC heap after
Heap after GC invocations=35 (full 5):
 PSYoungGen      total 435712K, used 15999K [0x00000000d5580000, 0x00000000f3180000, 0x0000000100000000)
  eden space 398336K, 0% used [0x00000000d5580000,0x00000000d5580000,0x00000000eda80000)
  from space 37376K, 42% used [0x00000000f0d00000,0x00000000f1c9ff98,0x00000000f3180000)
  to   space 44544K, 0% used [0x00000000eda80000,0x00000000eda80000,0x00000000f0600000)
 ParOldGen       total 161280K, used 103888K [0x0000000080000000, 0x0000000089d80000, 0x00000000d5580000)
  object space 161280K, 64% used [0x0000000080000000,0x00000000865742d0,0x0000000089d80000)
 Metaspace       used 109897K, capacity 115732K, committed 115880K, reserved 1150976K
  class space    used 13948K, capacity 14989K, committed 15024K, reserved 1048576K
}
Event: 2229.195 GC heap before
{Heap before GC invocations=36 (full 5):
 PSYoungGen      total 435712K, used 414335K [0x00000000d5580000, 0x00000000f3180000, 0x0000000100000000)
  eden space 398336K, 100% used [0x00000000d5580000,0x00000000eda80000,0x00000000eda80000)
  from space 37376K, 42% used [0x00000000f0d00000,0x00000000f1c9ff98,0x00000000f3180000)
  to   space 44544K, 0% used [0x00000000eda80000,0x00000000eda80000,0x00000000f0600000)
 ParOldGen       total 161280K, used 103888K [0x0000000080000000, 0x0000000089d80000, 0x00000000d5580000)
  object space 161280K, 64% used [0x0000000080000000,0x00000000865742d0,0x0000000089d80000)
 Metaspace       used 110109K, capacity 116182K, committed 116520K, reserved 1150976K
  class space    used 13971K, capacity 15033K, committed 15152K, reserved 1048576K
Event: 2230.708 GC heap after
Heap after GC invocations=36 (full 5):
 PSYoungGen      total 442880K, used 28502K [0x00000000d5580000, 0x00000000f5e00000, 0x0000000100000000)
  eden space 398336K, 0% used [0x00000000d5580000,0x00000000d5580000,0x00000000eda80000)
  from space 44544K, 63% used [0x00000000eda80000,0x00000000ef655a08,0x00000000f0600000)
  to   space 45056K, 0% used [0x00000000f3200000,0x00000000f3200000,0x00000000f5e00000)
 ParOldGen       total 161280K, used 103896K [0x0000000080000000, 0x0000000089d80000, 0x00000000d5580000)
  object space 161280K, 64% used [0x0000000080000000,0x00000000865762d0,0x0000000089d80000)
 Metaspace       used 110109K, capacity 116182K, committed 116520K, reserved 1150976K
  class space    used 13971K, capacity 15033K, committed 15152K, reserved 1048576K
}
Event: 2413.781 GC heap before
{Heap before GC invocations=37 (full 5):
 PSYoungGen      total 442880K, used 424545K [0x00000000d5580000, 0x00000000f5e00000, 0x0000000100000000)
  eden space 398336K, 99% used [0x00000000d5580000,0x00000000ed842c88,0x00000000eda80000)
  from space 44544K, 63% used [0x00000000eda80000,0x00000000ef655a08,0x00000000f0600000)
  to   space 45056K, 0% used [0x00000000f3200000,0x00000000f3200000,0x00000000f5e00000)
 ParOldGen       total 161280K, used 103896K [0x0000000080000000, 0x0000000089d80000, 0x00000000d5580000)
  object space 161280K, 64% used [0x0000000080000000,0x00000000865762d0,0x0000000089d80000)
 Metaspace       used 110795K, capacity 117218K, committed 117416K, reserved 1150976K
  class space    used 14039K, capacity 15154K, committed 15280K, reserved 1048576K
Event: 2414.993 GC heap after
Heap after GC invocations=37 (full 5):
 PSYoungGen      total 480256K, used 45042K [0x00000000d5580000, 0x00000000f6700000, 0x0000000100000000)
  eden space 435200K, 0% used [0x00000000d5580000,0x00000000d5580000,0x00000000efe80000)
  from space 45056K, 99% used [0x00000000f3200000,0x00000000f5dfca60,0x00000000f5e00000)
  to   space 52736K, 0% used [0x00000000efe80000,0x00000000efe80000,0x00000000f3200000)
 ParOldGen       total 161280K, used 107803K [0x0000000080000000, 0x0000000089d80000, 0x00000000d5580000)
  object space 161280K, 66% used [0x0000000080000000,0x0000000086946f40,0x0000000089d80000)
 Metaspace       used 110795K, capacity 117218K, committed 117416K, reserved 1150976K
  class space    used 14039K, capacity 15154K, committed 15280K, reserved 1048576K
}
Event: 2498.203 GC heap before
{Heap before GC invocations=38 (full 5):
 PSYoungGen      total 480256K, used 480242K [0x00000000d5580000, 0x00000000f6700000, 0x0000000100000000)
  eden space 435200K, 100% used [0x00000000d5580000,0x00000000efe80000,0x00000000efe80000)
  from space 45056K, 99% used [0x00000000f3200000,0x00000000f5dfca60,0x00000000f5e00000)
  to   space 52736K, 0% used [0x00000000efe80000,0x00000000efe80000,0x00000000f3200000)
 ParOldGen       total 161280K, used 107803K [0x0000000080000000, 0x0000000089d80000, 0x00000000d5580000)
  object space 161280K, 66% used [0x0000000080000000,0x0000000086946f40,0x0000000089d80000)
 Metaspace       used 110944K, capacity 117510K, committed 117672K, reserved 1150976K
  class space    used 14048K, capacity 15170K, committed 15280K, reserved 1048576K
Event: 2500.276 GC heap after
Heap after GC invocations=38 (full 5):
 PSYoungGen      total 487936K, used 10720K [0x00000000d5580000, 0x00000000f8600000, 0x0000000100000000)
  eden space 435200K, 0% used [0x00000000d5580000,0x00000000d5580000,0x00000000efe80000)
  from space 52736K, 20% used [0x00000000efe80000,0x00000000f08f8148,0x00000000f3200000)
  to   space 52224K, 0% used [0x00000000f5300000,0x00000000f5300000,0x00000000f8600000)
 ParOldGen       total 161280K, used 107811K [0x0000000080000000, 0x0000000089d80000, 0x00000000d5580000)
  object space 161280K, 66% used [0x0000000080000000,0x0000000086948f40,0x0000000089d80000)
 Metaspace       used 110944K, capacity 117510K, committed 117672K, reserved 1150976K
  class space    used 14048K, capacity 15170K, committed 15280K, reserved 1048576K
}

