# JRE version: OpenJDK Runtime Environment (8.0_242-b01) (build 1.8.0_242-release-1644-b01)
# Java VM: OpenJDK 64-Bit Server VM (25.242-b01 mixed mode windows-amd64 compressed oops)
Heap:
 PSYoungGen      total 409600K, used 104938K [0x00000000d5580000, 0x00000000f8200000, 0x0000000100000000)
  eden space 344064K, 16% used [0x00000000d5580000,0x00000000d8d0c710,0x00000000ea580000)
  from space 65536K, 73% used [0x00000000ea580000,0x00000000ed46e490,0x00000000ee580000)
  to   space 103424K, 0% used [0x00000000f1d00000,0x00000000f1d00000,0x00000000f8200000)
 ParOldGen       total 210432K, used 68287K [0x0000000080000000, 0x000000008cd80000, 0x00000000d5580000)
  object space 210432K, 32% used [0x0000000080000000,0x00000000842afdc8,0x000000008cd80000)
 Metaspace       used 109291K, capacity 114308K, committed 114728K, reserved 1148928K
  class space    used 14262K, capacity 15208K, committed 15408K, reserved 1048576K
GC Heap History (10 events):
Event: 10595.206 GC heap before
{Heap before GC invocations=33 (full 10):
 PSYoungGen      total 409600K, used 344064K [0x00000000d5580000, 0x00000000f3900000, 0x0000000100000000)
  eden space 344064K, 100% used [0x00000000d5580000,0x00000000ea580000,0x00000000ea580000)
  from space 65536K, 0% used [0x00000000ea580000,0x00000000ea580000,0x00000000ee580000)
  to   space 51712K, 0% used [0x00000000ee580000,0x00000000ee580000,0x00000000f1800000)
 ParOldGen       total 213504K, used 213498K [0x0000000080000000, 0x000000008d080000, 0x00000000d5580000)
  object space 213504K, 99% used [0x0000000080000000,0x000000008d07ea60,0x000000008d080000)
 Metaspace       used 108377K, capacity 113204K, committed 113576K, reserved 1146880K
  class space    used 14211K, capacity 15139K, committed 15280K, reserved 1048576K
Event: 10606.068 GC heap after
Heap after GC invocations=33 (full 10):
 PSYoungGen      total 409600K, used 0K [0x00000000d5580000, 0x00000000f3900000, 0x0000000100000000)
  eden space 344064K, 0% used [0x00000000d5580000,0x00000000d5580000,0x00000000ea580000)
  from space 65536K, 0% used [0x00000000ea580000,0x00000000ea580000,0x00000000ee580000)
  to   space 51712K, 0% used [0x00000000ee580000,0x00000000ee580000,0x00000000f1800000)
 ParOldGen       total 210432K, used 68255K [0x0000000080000000, 0x000000008cd80000, 0x00000000d5580000)
  object space 210432K, 32% used [0x0000000080000000,0x00000000842a7dc8,0x000000008cd80000)
 Metaspace       used 108192K, capacity 112920K, committed 113576K, reserved 1146880K
  class space    used 14174K, capacity 15074K, committed 15280K, reserved 1048576K
}
Event: 10682.910 GC heap before
{Heap before GC invocations=34 (full 10):
 PSYoungGen      total 409600K, used 344064K [0x00000000d5580000, 0x00000000f3900000, 0x0000000100000000)
  eden space 344064K, 100% used [0x00000000d5580000,0x00000000ea580000,0x00000000ea580000)
  from space 65536K, 0% used [0x00000000ea580000,0x00000000ea580000,0x00000000ee580000)
  to   space 51712K, 0% used [0x00000000ee580000,0x00000000ee580000,0x00000000f1800000)
 ParOldGen       total 210432K, used 68255K [0x0000000080000000, 0x000000008cd80000, 0x00000000d5580000)
  object space 210432K, 32% used [0x0000000080000000,0x00000000842a7dc8,0x000000008cd80000)
 Metaspace       used 108620K, capacity 113554K, committed 113832K, reserved 1148928K
  class space    used 14232K, capacity 15169K, committed 15280K, reserved 1048576K
Event: 10684.219 GC heap after
Heap after GC invocations=34 (full 10):
 PSYoungGen      total 395776K, used 25746K [0x00000000d5580000, 0x00000000f3900000, 0x0000000100000000)
  eden space 344064K, 0% used [0x00000000d5580000,0x00000000d5580000,0x00000000ea580000)
  from space 51712K, 49% used [0x00000000ee580000,0x00000000efea4a90,0x00000000f1800000)
  to   space 65536K, 0% used [0x00000000ea580000,0x00000000ea580000,0x00000000ee580000)
 ParOldGen       total 210432K, used 68263K [0x0000000080000000, 0x000000008cd80000, 0x00000000d5580000)
  object space 210432K, 32% used [0x0000000080000000,0x00000000842a9dc8,0x000000008cd80000)
 Metaspace       used 108620K, capacity 113554K, committed 113832K, reserved 1148928K
  class space    used 14232K, capacity 15169K, committed 15280K, reserved 1048576K
}
Event: 10711.710 GC heap before
{Heap before GC invocations=35 (full 10):
 PSYoungGen      total 395776K, used 369810K [0x00000000d5580000, 0x00000000f3900000, 0x0000000100000000)
  eden space 344064K, 100% used [0x00000000d5580000,0x00000000ea580000,0x00000000ea580000)
  from space 51712K, 49% used [0x00000000ee580000,0x00000000efea4a90,0x00000000f1800000)
  to   space 65536K, 0% used [0x00000000ea580000,0x00000000ea580000,0x00000000ee580000)
 ParOldGen       total 210432K, used 68263K [0x0000000080000000, 0x000000008cd80000, 0x00000000d5580000)
  object space 210432K, 32% used [0x0000000080000000,0x00000000842a9dc8,0x000000008cd80000)
 Metaspace       used 108858K, capacity 113824K, committed 114216K, reserved 1148928K
  class space    used 14240K, capacity 15182K, committed 15408K, reserved 1048576K
Event: 10712.275 GC heap after
Heap after GC invocations=35 (full 10):
 PSYoungGen      total 409600K, used 21024K [0x00000000d5580000, 0x00000000f3900000, 0x0000000100000000)
  eden space 344064K, 0% used [0x00000000d5580000,0x00000000d5580000,0x00000000ea580000)
  from space 65536K, 32% used [0x00000000ea580000,0x00000000eba08080,0x00000000ee580000)
  to   space 51712K, 0% used [0x00000000ee580000,0x00000000ee580000,0x00000000f1800000)
 ParOldGen       total 210432K, used 68271K [0x0000000080000000, 0x000000008cd80000, 0x00000000d5580000)
  object space 210432K, 32% used [0x0000000080000000,0x00000000842abdc8,0x000000008cd80000)
 Metaspace       used 108858K, capacity 113824K, committed 114216K, reserved 1148928K
  class space    used 14240K, capacity 15182K, committed 15408K, reserved 1048576K
}
Event: 10790.099 GC heap before
{Heap before GC invocations=36 (full 10):
 PSYoungGen      total 409600K, used 365088K [0x00000000d5580000, 0x00000000f3900000, 0x0000000100000000)
  eden space 344064K, 100% used [0x00000000d5580000,0x00000000ea580000,0x00000000ea580000)
  from space 65536K, 32% used [0x00000000ea580000,0x00000000eba08080,0x00000000ee580000)
  to   space 51712K, 0% used [0x00000000ee580000,0x00000000ee580000,0x00000000f1800000)
 ParOldGen       total 210432K, used 68271K [0x0000000080000000, 0x000000008cd80000, 0x00000000d5580000)
  object space 210432K, 32% used [0x0000000080000000,0x00000000842abdc8,0x000000008cd80000)
 Metaspace       used 109186K, capacity 114168K, committed 114472K, reserved 1148928K
  class space    used 14261K, capacity 15206K, committed 15408K, reserved 1048576K
Event: 10790.891 GC heap after
Heap after GC invocations=36 (full 10):
 PSYoungGen      total 395776K, used 15648K [0x00000000d5580000, 0x00000000f3900000, 0x0000000100000000)
  eden space 344064K, 0% used [0x00000000d5580000,0x00000000d5580000,0x00000000ea580000)
  from space 51712K, 30% used [0x00000000ee580000,0x00000000ef4c8128,0x00000000f1800000)
  to   space 65536K, 0% used [0x00000000ea580000,0x00000000ea580000,0x00000000ee580000)
 ParOldGen       total 210432K, used 68279K [0x0000000080000000, 0x000000008cd80000, 0x00000000d5580000)
  object space 210432K, 32% used [0x0000000080000000,0x00000000842addc8,0x000000008cd80000)
 Metaspace       used 109186K, capacity 114168K, committed 114472K, reserved 1148928K
  class space    used 14261K, capacity 15206K, committed 15408K, reserved 1048576K
}
Event: 10803.501 GC heap before
{Heap before GC invocations=37 (full 10):
 PSYoungGen      total 395776K, used 359712K [0x00000000d5580000, 0x00000000f3900000, 0x0000000100000000)
  eden space 344064K, 100% used [0x00000000d5580000,0x00000000ea580000,0x00000000ea580000)
  from space 51712K, 30% used [0x00000000ee580000,0x00000000ef4c8128,0x00000000f1800000)
  to   space 65536K, 0% used [0x00000000ea580000,0x00000000ea580000,0x00000000ee580000)
 ParOldGen       total 210432K, used 68279K [0x0000000080000000, 0x000000008cd80000, 0x00000000d5580000)
  object space 210432K, 32% used [0x0000000080000000,0x00000000842addc8,0x000000008cd80000)
 Metaspace       used 109282K, capacity 114244K, committed 114472K, reserved 1148928K
  class space    used 14262K, capacity 15208K, committed 15408K, reserved 1048576K
Event: 10804.605 GC heap after
Heap after GC invocations=37 (full 10):
 PSYoungGen      total 409600K, used 48057K [0x00000000d5580000, 0x00000000f8200000, 0x0000000100000000)
  eden space 344064K, 0% used [0x00000000d5580000,0x00000000d5580000,0x00000000ea580000)
  from space 65536K, 73% used [0x00000000ea580000,0x00000000ed46e490,0x00000000ee580000)
  to   space 103424K, 0% used [0x00000000f1d00000,0x00000000f1d00000,0x00000000f8200000)
 ParOldGen       total 210432K, used 68287K [0x0000000080000000, 0x000000008cd80000, 0x00000000d5580000)
  object space 210432K, 32% used [0x0000000080000000,0x00000000842afdc8,0x000000008cd80000)
 Metaspace       used 109282K, capacity 114244K, committed 114472K, reserved 1148928K
  class space    used 14262K, capacity 15208K, committed 15408K, reserved 1048576K
}

