# JRE version: OpenJDK Runtime Environment (8.0_242-b01) (build 1.8.0_242-release-1644-b01)
# Java VM: OpenJDK 64-Bit Server VM (25.242-b01 mixed mode windows-amd64 compressed oops)
Heap:
 PSYoungGen      total 153088K, used 103376K [0x00000000d5580000, 0x00000000dfb80000, 0x0000000100000000)
  eden space 140288K, 73% used [0x00000000d5580000,0x00000000dba74080,0x00000000dde80000)
  from space 12800K, 0% used [0x00000000ded80000,0x00000000ded80000,0x00000000dfa00000)
  to   space 14848K, 0% used [0x00000000dde80000,0x00000000dde80000,0x00000000ded00000)
 ParOldGen       total 68096K, used 35731K [0x0000000080000000, 0x0000000084280000, 0x00000000d5580000)
  object space 68096K, 52% used [0x0000000080000000,0x00000000822e4ec0,0x0000000084280000)
 Metaspace       used 63390K, capacity 66076K, committed 66264K, reserved 1105920K
  class space    used 8629K, capacity 9159K, committed 9216K, reserved 1048576K
GC Heap History (10 events):
Event: 22.082 GC heap before
{Heap before GC invocations=15 (full 2):
 PSYoungGen      total 118272K, used 106496K [0x00000000d5580000, 0x00000000df580000, 0x0000000100000000)
  eden space 106496K, 100% used [0x00000000d5580000,0x00000000dbd80000,0x00000000dbd80000)
  from space 11776K, 0% used [0x00000000dc900000,0x00000000dc900000,0x00000000dd480000)
  to   space 11776K, 0% used [0x00000000dbd80000,0x00000000dbd80000,0x00000000dc900000)
 ParOldGen       total 37888K, used 14636K [0x0000000080000000, 0x0000000082500000, 0x00000000d5580000)
  object space 37888K, 38% used [0x0000000080000000,0x0000000080e4b250,0x0000000082500000)
 Metaspace       used 38708K, capacity 40492K, committed 40792K, reserved 1085440K
  class space    used 5315K, capacity 5695K, committed 5760K, reserved 1048576K
Event: 22.109 GC heap after
Heap after GC invocations=15 (full 2):
 PSYoungGen      total 118272K, used 9486K [0x00000000d5580000, 0x00000000dfa00000, 0x0000000100000000)
  eden space 106496K, 0% used [0x00000000d5580000,0x00000000d5580000,0x00000000dbd80000)
  from space 11776K, 80% used [0x00000000dbd80000,0x00000000dc6c3b48,0x00000000dc900000)
  to   space 12800K, 0% used [0x00000000ded80000,0x00000000ded80000,0x00000000dfa00000)
 ParOldGen       total 37888K, used 14644K [0x0000000080000000, 0x0000000082500000, 0x00000000d5580000)
  object space 37888K, 38% used [0x0000000080000000,0x0000000080e4d250,0x0000000082500000)
 Metaspace       used 38708K, capacity 40492K, committed 40792K, reserved 1085440K
  class space    used 5315K, capacity 5695K, committed 5760K, reserved 1048576K
}
Event: 27.895 GC heap before
{Heap before GC invocations=16 (full 2):
 PSYoungGen      total 118272K, used 115982K [0x00000000d5580000, 0x00000000dfa00000, 0x0000000100000000)
  eden space 106496K, 100% used [0x00000000d5580000,0x00000000dbd80000,0x00000000dbd80000)
  from space 11776K, 80% used [0x00000000dbd80000,0x00000000dc6c3b48,0x00000000dc900000)
  to   space 12800K, 0% used [0x00000000ded80000,0x00000000ded80000,0x00000000dfa00000)
 ParOldGen       total 37888K, used 14644K [0x0000000080000000, 0x0000000082500000, 0x00000000d5580000)
  object space 37888K, 38% used [0x0000000080000000,0x0000000080e4d250,0x0000000082500000)
 Metaspace       used 46065K, capacity 48192K, committed 48344K, reserved 1091584K
  class space    used 6224K, capacity 6644K, committed 6656K, reserved 1048576K
Event: 27.945 GC heap after
Heap after GC invocations=16 (full 2):
 PSYoungGen      total 153088K, used 11279K [0x00000000d5580000, 0x00000000dfb80000, 0x0000000100000000)
  eden space 140288K, 0% used [0x00000000d5580000,0x00000000d5580000,0x00000000dde80000)
  from space 12800K, 88% used [0x00000000ded80000,0x00000000df883f78,0x00000000dfa00000)
  to   space 14848K, 0% used [0x00000000dde80000,0x00000000dde80000,0x00000000ded00000)
 ParOldGen       total 37888K, used 19974K [0x0000000080000000, 0x0000000082500000, 0x00000000d5580000)
  object space 37888K, 52% used [0x0000000080000000,0x0000000081381990,0x0000000082500000)
 Metaspace       used 46065K, capacity 48192K, committed 48344K, reserved 1091584K
  class space    used 6224K, capacity 6644K, committed 6656K, reserved 1048576K
}
Event: 34.625 GC heap before
{Heap before GC invocations=17 (full 2):
 PSYoungGen      total 153088K, used 151567K [0x00000000d5580000, 0x00000000dfb80000, 0x0000000100000000)
  eden space 140288K, 100% used [0x00000000d5580000,0x00000000dde80000,0x00000000dde80000)
  from space 12800K, 88% used [0x00000000ded80000,0x00000000df883f78,0x00000000dfa00000)
  to   space 14848K, 0% used [0x00000000dde80000,0x00000000dde80000,0x00000000ded00000)
 ParOldGen       total 37888K, used 19974K [0x0000000080000000, 0x0000000082500000, 0x00000000d5580000)
  object space 37888K, 52% used [0x0000000080000000,0x0000000081381990,0x0000000082500000)
 Metaspace       used 55425K, capacity 57842K, committed 58072K, reserved 1099776K
  class space    used 7350K, capacity 7861K, committed 7936K, reserved 1048576K
Event: 34.802 GC heap after
Heap after GC invocations=17 (full 2):
 PSYoungGen      total 155136K, used 14825K [0x00000000d5580000, 0x00000000dfb80000, 0x0000000100000000)
  eden space 140288K, 0% used [0x00000000d5580000,0x00000000d5580000,0x00000000dde80000)
  from space 14848K, 99% used [0x00000000dde80000,0x00000000decfa520,0x00000000ded00000)
  to   space 12800K, 0% used [0x00000000ded80000,0x00000000ded80000,0x00000000dfa00000)
 ParOldGen       total 37888K, used 27540K [0x0000000080000000, 0x0000000082500000, 0x00000000d5580000)
  object space 37888K, 72% used [0x0000000080000000,0x0000000081ae50a0,0x0000000082500000)
 Metaspace       used 55425K, capacity 57842K, committed 58072K, reserved 1099776K
  class space    used 7350K, capacity 7861K, committed 7936K, reserved 1048576K
}
Event: 35.303 GC heap before
{Heap before GC invocations=18 (full 2):
 PSYoungGen      total 155136K, used 25818K [0x00000000d5580000, 0x00000000dfb80000, 0x0000000100000000)
  eden space 140288K, 7% used [0x00000000d5580000,0x00000000d603c5f8,0x00000000dde80000)
  from space 14848K, 99% used [0x00000000dde80000,0x00000000decfa520,0x00000000ded00000)
  to   space 12800K, 0% used [0x00000000ded80000,0x00000000ded80000,0x00000000dfa00000)
 ParOldGen       total 37888K, used 27540K [0x0000000080000000, 0x0000000082500000, 0x00000000d5580000)
  object space 37888K, 72% used [0x0000000080000000,0x0000000081ae50a0,0x0000000082500000)
 Metaspace       used 56491K, capacity 58940K, committed 59028K, reserved 1099776K
  class space    used 7513K, capacity 8026K, committed 8064K, reserved 1048576K
Event: 35.347 GC heap after
Heap after GC invocations=18 (full 2):
 PSYoungGen      total 153088K, used 1530K [0x00000000d5580000, 0x00000000dfb80000, 0x0000000100000000)
  eden space 140288K, 0% used [0x00000000d5580000,0x00000000d5580000,0x00000000dde80000)
  from space 12800K, 11% used [0x00000000ded80000,0x00000000deefe898,0x00000000dfa00000)
  to   space 14848K, 0% used [0x00000000dde80000,0x00000000dde80000,0x00000000ded00000)
 ParOldGen       total 37888K, used 37783K [0x0000000080000000, 0x0000000082500000, 0x00000000d5580000)
  object space 37888K, 99% used [0x0000000080000000,0x00000000824e5eb0,0x0000000082500000)
 Metaspace       used 56491K, capacity 58940K, committed 59028K, reserved 1099776K
  class space    used 7513K, capacity 8026K, committed 8064K, reserved 1048576K
}
Event: 35.348 GC heap before
{Heap before GC invocations=19 (full 3):
 PSYoungGen      total 153088K, used 1530K [0x00000000d5580000, 0x00000000dfb80000, 0x0000000100000000)
  eden space 140288K, 0% used [0x00000000d5580000,0x00000000d5580000,0x00000000dde80000)
  from space 12800K, 11% used [0x00000000ded80000,0x00000000deefe898,0x00000000dfa00000)
  to   space 14848K, 0% used [0x00000000dde80000,0x00000000dde80000,0x00000000ded00000)
 ParOldGen       total 37888K, used 37783K [0x0000000080000000, 0x0000000082500000, 0x00000000d5580000)
  object space 37888K, 99% used [0x0000000080000000,0x00000000824e5eb0,0x0000000082500000)
 Metaspace       used 56491K, capacity 58940K, committed 59028K, reserved 1099776K
  class space    used 7513K, capacity 8026K, committed 8064K, reserved 1048576K
Event: 36.165 GC heap after
Heap after GC invocations=19 (full 3):
 PSYoungGen      total 153088K, used 0K [0x00000000d5580000, 0x00000000dfb80000, 0x0000000100000000)
  eden space 140288K, 0% used [0x00000000d5580000,0x00000000d5580000,0x00000000dde80000)
  from space 12800K, 0% used [0x00000000ded80000,0x00000000ded80000,0x00000000dfa00000)
  to   space 14848K, 0% used [0x00000000dde80000,0x00000000dde80000,0x00000000ded00000)
 ParOldGen       total 68096K, used 35731K [0x0000000080000000, 0x0000000084280000, 0x00000000d5580000)
  object space 68096K, 52% used [0x0000000080000000,0x00000000822e4ec0,0x0000000084280000)
 Metaspace       used 56486K, capacity 58922K, committed 59028K, reserved 1099776K
  class space    used 7512K, capacity 8023K, committed 8064K, reserved 1048576K
}

