# JRE version: OpenJDK Runtime Environment (8.0_242-b01) (build 1.8.0_242-release-1644-b01)
# Java VM: OpenJDK 64-Bit Server VM (25.242-b01 mixed mode windows-amd64 compressed oops)
Heap:
 PSYoungGen      total 109056K, used 22774K [0x00000000f6400000, 0x00000000ff180000, 0x0000000100000000)
  eden space 77312K, 13% used [0x00000000f6400000,0x00000000f6e84c10,0x00000000faf80000)
  from space 31744K, 37% used [0x00000000fd280000,0x00000000fde38e70,0x00000000ff180000)
  to   space 33792K, 0% used [0x00000000faf80000,0x00000000faf80000,0x00000000fd080000)
 ParOldGen       total 110592K, used 66908K [0x00000000e2c00000, 0x00000000e9800000, 0x00000000f6400000)
  object space 110592K, 60% used [0x00000000e2c00000,0x00000000e6d573a0,0x00000000e9800000)
 Metaspace       used 64864K, capacity 66204K, committed 66520K, reserved 1107968K
  class space    used 7307K, capacity 7654K, committed 7680K, reserved 1048576K
GC Heap History (10 events):
Event: 13.297 GC heap before
{Heap before GC invocations=15 (full 2):
 PSYoungGen      total 81408K, used 76883K [0x00000000f6400000, 0x00000000fcb00000, 0x0000000100000000)
  eden space 61440K, 100% used [0x00000000f6400000,0x00000000fa000000,0x00000000fa000000)
  from space 19968K, 77% used [0x00000000fb500000,0x00000000fc414fe0,0x00000000fc880000)
  to   space 21504K, 0% used [0x00000000fa000000,0x00000000fa000000,0x00000000fb500000)
 ParOldGen       total 67072K, used 36782K [0x00000000e2c00000, 0x00000000e6d80000, 0x00000000f6400000)
  object space 67072K, 54% used [0x00000000e2c00000,0x00000000e4feb950,0x00000000e6d80000)
 Metaspace       used 46943K, capacity 47824K, committed 48088K, reserved 1091584K
  class space    used 5526K, capacity 5788K, committed 5888K, reserved 1048576K
Event: 13.350 GC heap after
Heap after GC invocations=15 (full 2):
 PSYoungGen      total 82944K, used 21499K [0x00000000f6400000, 0x00000000fdd00000, 0x0000000100000000)
  eden space 61440K, 0% used [0x00000000f6400000,0x00000000f6400000,0x00000000fa000000)
  from space 21504K, 99% used [0x00000000fa000000,0x00000000fb4fec48,0x00000000fb500000)
  to   space 25600K, 0% used [0x00000000fc400000,0x00000000fc400000,0x00000000fdd00000)
 ParOldGen       total 67072K, used 38506K [0x00000000e2c00000, 0x00000000e6d80000, 0x00000000f6400000)
  object space 67072K, 57% used [0x00000000e2c00000,0x00000000e519aa80,0x00000000e6d80000)
 Metaspace       used 46943K, capacity 47824K, committed 48088K, reserved 1091584K
  class space    used 5526K, capacity 5788K, committed 5888K, reserved 1048576K
}
Event: 16.799 GC heap before
{Heap before GC invocations=16 (full 2):
 PSYoungGen      total 82944K, used 82939K [0x00000000f6400000, 0x00000000fdd00000, 0x0000000100000000)
  eden space 61440K, 100% used [0x00000000f6400000,0x00000000fa000000,0x00000000fa000000)
  from space 21504K, 99% used [0x00000000fa000000,0x00000000fb4fec48,0x00000000fb500000)
  to   space 25600K, 0% used [0x00000000fc400000,0x00000000fc400000,0x00000000fdd00000)
 ParOldGen       total 67072K, used 38506K [0x00000000e2c00000, 0x00000000e6d80000, 0x00000000f6400000)
  object space 67072K, 57% used [0x00000000e2c00000,0x00000000e519aa80,0x00000000e6d80000)
 Metaspace       used 53520K, capacity 54694K, committed 54872K, reserved 1097728K
  class space    used 6381K, capacity 6697K, committed 6784K, reserved 1048576K
Event: 16.867 GC heap after
Heap after GC invocations=16 (full 2):
 PSYoungGen      total 91648K, used 25584K [0x00000000f6400000, 0x00000000fea00000, 0x0000000100000000)
  eden space 66048K, 0% used [0x00000000f6400000,0x00000000f6400000,0x00000000fa480000)
  from space 25600K, 99% used [0x00000000fc400000,0x00000000fdcfc0f8,0x00000000fdd00000)
  to   space 32256K, 0% used [0x00000000fa480000,0x00000000fa480000,0x00000000fc400000)
 ParOldGen       total 67072K, used 45667K [0x00000000e2c00000, 0x00000000e6d80000, 0x00000000f6400000)
  object space 67072K, 68% used [0x00000000e2c00000,0x00000000e5898fb0,0x00000000e6d80000)
 Metaspace       used 53520K, capacity 54694K, committed 54872K, reserved 1097728K
  class space    used 6381K, capacity 6697K, committed 6784K, reserved 1048576K
}
Event: 22.030 GC heap before
{Heap before GC invocations=17 (full 2):
 PSYoungGen      total 91648K, used 91632K [0x00000000f6400000, 0x00000000fea00000, 0x0000000100000000)
  eden space 66048K, 100% used [0x00000000f6400000,0x00000000fa480000,0x00000000fa480000)
  from space 25600K, 99% used [0x00000000fc400000,0x00000000fdcfc0f8,0x00000000fdd00000)
  to   space 32256K, 0% used [0x00000000fa480000,0x00000000fa480000,0x00000000fc400000)
 ParOldGen       total 67072K, used 45667K [0x00000000e2c00000, 0x00000000e6d80000, 0x00000000f6400000)
  object space 67072K, 68% used [0x00000000e2c00000,0x00000000e5898fb0,0x00000000e6d80000)
 Metaspace       used 56324K, capacity 57506K, committed 57816K, reserved 1099776K
  class space    used 6499K, capacity 6805K, committed 6912K, reserved 1048576K
Event: 22.101 GC heap after
Heap after GC invocations=17 (full 2):
 PSYoungGen      total 98304K, used 26463K [0x00000000f6400000, 0x00000000ff500000, 0x0000000100000000)
  eden space 66048K, 0% used [0x00000000f6400000,0x00000000f6400000,0x00000000fa480000)
  from space 32256K, 82% used [0x00000000fa480000,0x00000000fbe57d90,0x00000000fc400000)
  to   space 35328K, 0% used [0x00000000fd280000,0x00000000fd280000,0x00000000ff500000)
 ParOldGen       total 67072K, used 57517K [0x00000000e2c00000, 0x00000000e6d80000, 0x00000000f6400000)
  object space 67072K, 85% used [0x00000000e2c00000,0x00000000e642b5b8,0x00000000e6d80000)
 Metaspace       used 56324K, capacity 57506K, committed 57816K, reserved 1099776K
  class space    used 6499K, capacity 6805K, committed 6912K, reserved 1048576K
}
Event: 22.101 GC heap before
{Heap before GC invocations=18 (full 3):
 PSYoungGen      total 98304K, used 26463K [0x00000000f6400000, 0x00000000ff500000, 0x0000000100000000)
  eden space 66048K, 0% used [0x00000000f6400000,0x00000000f6400000,0x00000000fa480000)
  from space 32256K, 82% used [0x00000000fa480000,0x00000000fbe57d90,0x00000000fc400000)
  to   space 35328K, 0% used [0x00000000fd280000,0x00000000fd280000,0x00000000ff500000)
 ParOldGen       total 67072K, used 57517K [0x00000000e2c00000, 0x00000000e6d80000, 0x00000000f6400000)
  object space 67072K, 85% used [0x00000000e2c00000,0x00000000e642b5b8,0x00000000e6d80000)
 Metaspace       used 56324K, capacity 57506K, committed 57816K, reserved 1099776K
  class space    used 6499K, capacity 6805K, committed 6912K, reserved 1048576K
Event: 22.645 GC heap after
Heap after GC invocations=18 (full 3):
 PSYoungGen      total 98304K, used 2699K [0x00000000f6400000, 0x00000000ff500000, 0x0000000100000000)
  eden space 66048K, 0% used [0x00000000f6400000,0x00000000f6400000,0x00000000fa480000)
  from space 32256K, 8% used [0x00000000fa480000,0x00000000fa722dd8,0x00000000fc400000)
  to   space 35328K, 0% used [0x00000000fd280000,0x00000000fd280000,0x00000000ff500000)
 ParOldGen       total 110592K, used 66908K [0x00000000e2c00000, 0x00000000e9800000, 0x00000000f6400000)
  object space 110592K, 60% used [0x00000000e2c00000,0x00000000e6d573a0,0x00000000e9800000)
 Metaspace       used 56324K, capacity 57506K, committed 57816K, reserved 1099776K
  class space    used 6499K, capacity 6805K, committed 6912K, reserved 1048576K
}
Event: 26.383 GC heap before
{Heap before GC invocations=19 (full 3):
 PSYoungGen      total 98304K, used 68747K [0x00000000f6400000, 0x00000000ff500000, 0x0000000100000000)
  eden space 66048K, 100% used [0x00000000f6400000,0x00000000fa480000,0x00000000fa480000)
  from space 32256K, 8% used [0x00000000fa480000,0x00000000fa722dd8,0x00000000fc400000)
  to   space 35328K, 0% used [0x00000000fd280000,0x00000000fd280000,0x00000000ff500000)
 ParOldGen       total 110592K, used 66908K [0x00000000e2c00000, 0x00000000e9800000, 0x00000000f6400000)
  object space 110592K, 60% used [0x00000000e2c00000,0x00000000e6d573a0,0x00000000e9800000)
 Metaspace       used 63879K, capacity 65228K, committed 65496K, reserved 1107968K
  class space    used 7246K, capacity 7612K, committed 7680K, reserved 1048576K
Event: 26.424 GC heap after
Heap after GC invocations=19 (full 3):
 PSYoungGen      total 109056K, used 12003K [0x00000000f6400000, 0x00000000ff180000, 0x0000000100000000)
  eden space 77312K, 0% used [0x00000000f6400000,0x00000000f6400000,0x00000000faf80000)
  from space 31744K, 37% used [0x00000000fd280000,0x00000000fde38e70,0x00000000ff180000)
  to   space 33792K, 0% used [0x00000000faf80000,0x00000000faf80000,0x00000000fd080000)
 ParOldGen       total 110592K, used 66908K [0x00000000e2c00000, 0x00000000e9800000, 0x00000000f6400000)
  object space 110592K, 60% used [0x00000000e2c00000,0x00000000e6d573a0,0x00000000e9800000)
 Metaspace       used 63879K, capacity 65228K, committed 65496K, reserved 1107968K
  class space    used 7246K, capacity 7612K, committed 7680K, reserved 1048576K
}

