# JRE version: OpenJDK Runtime Environment (8.0_242-b01) (build 1.8.0_242-release-1644-b01)
# Java VM: OpenJDK 64-Bit Server VM (25.242-b01 mixed mode windows-amd64 compressed oops)
Heap:
 PSYoungGen      total 440832K, used 128574K [0x00000000d5580000, 0x0000000100000000, 0x0000000100000000)
  eden space 394752K, 32% used [0x00000000d5580000,0x00000000dd30fac8,0x00000000ed700000)
  from space 46080K, 0% used [0x00000000fd300000,0x00000000fd300000,0x0000000100000000)
  to   space 152064K, 0% used [0x00000000ed700000,0x00000000ed700000,0x00000000f6b80000)
 ParOldGen       total 364032K, used 349399K [0x0000000080000000, 0x0000000096380000, 0x00000000d5580000)
  object space 364032K, 95% used [0x0000000080000000,0x0000000095535c90,0x0000000096380000)
 Metaspace       used 149194K, capacity 156106K, committed 156544K, reserved 1185792K
  class space    used 19146K, capacity 20481K, committed 20608K, reserved 1048576K
GC Heap History (10 events):
Event: 2469.827 GC heap before
{Heap before GC invocations=57 (full 17):
 PSYoungGen      total 636416K, used 625155K [0x00000000d5580000, 0x0000000100000000, 0x0000000100000000)
  eden space 595456K, 100% used [0x00000000d5580000,0x00000000f9b00000,0x00000000f9b00000)
  from space 40960K, 72% used [0x00000000f9b00000,0x00000000fb800d60,0x00000000fc300000)
  to   space 45568K, 0% used [0x00000000fd380000,0x00000000fd380000,0x0000000100000000)
 ParOldGen       total 185344K, used 102060K [0x0000000080000000, 0x000000008b500000, 0x00000000d5580000)
  object space 185344K, 55% used [0x0000000080000000,0x00000000863ab348,0x000000008b500000)
 Metaspace       used 147385K, capacity 154026K, committed 154624K, reserved 1183744K
  class space    used 18981K, capacity 20257K, committed 20480K, reserved 1048576K
Event: 2471.671 GC heap after
Heap after GC invocations=57 (full 17):
 PSYoungGen      total 652288K, used 20889K [0x00000000d5580000, 0x0000000100000000, 0x0000000100000000)
  eden space 606720K, 0% used [0x00000000d5580000,0x00000000d5580000,0x00000000fa600000)
  from space 45568K, 45% used [0x00000000fd380000,0x00000000fe7e67e0,0x0000000100000000)
  to   space 46080K, 0% used [0x00000000fa600000,0x00000000fa600000,0x00000000fd300000)
 ParOldGen       total 185344K, used 102068K [0x0000000080000000, 0x000000008b500000, 0x00000000d5580000)
  object space 185344K, 55% used [0x0000000080000000,0x00000000863ad348,0x000000008b500000)
 Metaspace       used 147385K, capacity 154026K, committed 154624K, reserved 1183744K
  class space    used 18981K, capacity 20257K, committed 20480K, reserved 1048576K
}
Event: 2489.678 GC heap before
{Heap before GC invocations=58 (full 17):
 PSYoungGen      total 652288K, used 627609K [0x00000000d5580000, 0x0000000100000000, 0x0000000100000000)
  eden space 606720K, 100% used [0x00000000d5580000,0x00000000fa600000,0x00000000fa600000)
  from space 45568K, 45% used [0x00000000fd380000,0x00000000fe7e67e0,0x0000000100000000)
  to   space 46080K, 0% used [0x00000000fa600000,0x00000000fa600000,0x00000000fd300000)
 ParOldGen       total 185344K, used 102068K [0x0000000080000000, 0x000000008b500000, 0x00000000d5580000)
  object space 185344K, 55% used [0x0000000080000000,0x00000000863ad348,0x000000008b500000)
 Metaspace       used 148761K, capacity 155646K, committed 156288K, reserved 1185792K
  class space    used 19116K, capacity 20428K, committed 20608K, reserved 1048576K
Event: 2496.945 GC heap after
Heap after GC invocations=58 (full 17):
 PSYoungGen      total 652800K, used 46076K [0x00000000d5580000, 0x0000000100000000, 0x0000000100000000)
  eden space 606720K, 0% used [0x00000000d5580000,0x00000000d5580000,0x00000000fa600000)
  from space 46080K, 99% used [0x00000000fa600000,0x00000000fd2ff018,0x00000000fd300000)
  to   space 46080K, 0% used [0x00000000fd300000,0x00000000fd300000,0x0000000100000000)
 ParOldGen       total 218624K, used 217959K [0x0000000080000000, 0x000000008d580000, 0x00000000d5580000)
  object space 218624K, 99% used [0x0000000080000000,0x000000008d4d9ef8,0x000000008d580000)
 Metaspace       used 148761K, capacity 155646K, committed 156288K, reserved 1185792K
  class space    used 19116K, capacity 20428K, committed 20608K, reserved 1048576K
}
Event: 2496.950 GC heap before
{Heap before GC invocations=59 (full 18):
 PSYoungGen      total 652800K, used 46076K [0x00000000d5580000, 0x0000000100000000, 0x0000000100000000)
  eden space 606720K, 0% used [0x00000000d5580000,0x00000000d5580000,0x00000000fa600000)
  from space 46080K, 99% used [0x00000000fa600000,0x00000000fd2ff018,0x00000000fd300000)
  to   space 46080K, 0% used [0x00000000fd300000,0x00000000fd300000,0x0000000100000000)
 ParOldGen       total 218624K, used 217959K [0x0000000080000000, 0x000000008d580000, 0x00000000d5580000)
  object space 218624K, 99% used [0x0000000080000000,0x000000008d4d9ef8,0x000000008d580000)
 Metaspace       used 148761K, capacity 155646K, committed 156288K, reserved 1185792K
  class space    used 19116K, capacity 20428K, committed 20608K, reserved 1048576K
Event: 2514.541 GC heap after
Heap after GC invocations=59 (full 18):
 PSYoungGen      total 652800K, used 37770K [0x00000000d5580000, 0x0000000100000000, 0x0000000100000000)
  eden space 606720K, 0% used [0x00000000d5580000,0x00000000d5580000,0x00000000fa600000)
  from space 46080K, 81% used [0x00000000fa600000,0x00000000fcae29f8,0x00000000fd300000)
  to   space 46080K, 0% used [0x00000000fd300000,0x00000000fd300000,0x0000000100000000)
 ParOldGen       total 318464K, used 218254K [0x0000000080000000, 0x0000000093700000, 0x00000000d5580000)
  object space 318464K, 68% used [0x0000000080000000,0x000000008d523910,0x0000000093700000)
 Metaspace       used 148717K, capacity 155524K, committed 156288K, reserved 1185792K
  class space    used 19108K, capacity 20416K, committed 20608K, reserved 1048576K
}
Event: 2526.473 GC heap before
{Heap before GC invocations=60 (full 18):
 PSYoungGen      total 652800K, used 644490K [0x00000000d5580000, 0x0000000100000000, 0x0000000100000000)
  eden space 606720K, 100% used [0x00000000d5580000,0x00000000fa600000,0x00000000fa600000)
  from space 46080K, 81% used [0x00000000fa600000,0x00000000fcae29f8,0x00000000fd300000)
  to   space 46080K, 0% used [0x00000000fd300000,0x00000000fd300000,0x0000000100000000)
 ParOldGen       total 318464K, used 218254K [0x0000000080000000, 0x0000000093700000, 0x00000000d5580000)
  object space 318464K, 68% used [0x0000000080000000,0x000000008d523910,0x0000000093700000)
 Metaspace       used 149176K, capacity 156100K, committed 156544K, reserved 1185792K
  class space    used 19146K, capacity 20480K, committed 20608K, reserved 1048576K
Event: 2529.617 GC heap after
Heap after GC invocations=60 (full 18):
 PSYoungGen      total 440832K, used 46077K [0x00000000d5580000, 0x0000000100000000, 0x0000000100000000)
  eden space 394752K, 0% used [0x00000000d5580000,0x00000000d5580000,0x00000000ed700000)
  from space 46080K, 99% used [0x00000000fd300000,0x00000000fffff4c0,0x0000000100000000)
  to   space 152064K, 0% used [0x00000000ed700000,0x00000000ed700000,0x00000000f6b80000)
 ParOldGen       total 364032K, used 364022K [0x0000000080000000, 0x0000000096380000, 0x00000000d5580000)
  object space 364032K, 99% used [0x0000000080000000,0x000000009637daa0,0x0000000096380000)
 Metaspace       used 149176K, capacity 156100K, committed 156544K, reserved 1185792K
  class space    used 19146K, capacity 20480K, committed 20608K, reserved 1048576K
}
Event: 2529.620 GC heap before
{Heap before GC invocations=61 (full 19):
 PSYoungGen      total 440832K, used 46077K [0x00000000d5580000, 0x0000000100000000, 0x0000000100000000)
  eden space 394752K, 0% used [0x00000000d5580000,0x00000000d5580000,0x00000000ed700000)
  from space 46080K, 99% used [0x00000000fd300000,0x00000000fffff4c0,0x0000000100000000)
  to   space 152064K, 0% used [0x00000000ed700000,0x00000000ed700000,0x00000000f6b80000)
 ParOldGen       total 364032K, used 364022K [0x0000000080000000, 0x0000000096380000, 0x00000000d5580000)
  object space 364032K, 99% used [0x0000000080000000,0x000000009637daa0,0x0000000096380000)
 Metaspace       used 149176K, capacity 156100K, committed 156544K, reserved 1185792K
  class space    used 19146K, capacity 20480K, committed 20608K, reserved 1048576K
Event: 2554.319 GC heap after
Heap after GC invocations=61 (full 19):
 PSYoungGen      total 440832K, used 0K [0x00000000d5580000, 0x0000000100000000, 0x0000000100000000)
  eden space 394752K, 0% used [0x00000000d5580000,0x00000000d5580000,0x00000000ed700000)
  from space 46080K, 0% used [0x00000000fd300000,0x00000000fd300000,0x0000000100000000)
  to   space 152064K, 0% used [0x00000000ed700000,0x00000000ed700000,0x00000000f6b80000)
 ParOldGen       total 364032K, used 349399K [0x0000000080000000, 0x0000000096380000, 0x00000000d5580000)
  object space 364032K, 95% used [0x0000000080000000,0x0000000095535c90,0x0000000096380000)
 Metaspace       used 149174K, capacity 156094K, committed 156544K, reserved 1185792K
  class space    used 19145K, capacity 20479K, committed 20608K, reserved 1048576K
}

