# JRE version: OpenJDK Runtime Environment (8.0_242-b01) (build 1.8.0_242-release-1644-b01)
# Java VM: OpenJDK 64-Bit Server VM (25.242-b01 mixed mode windows-amd64 compressed oops)
Heap:
 PSYoungGen      total 37888K, used 12836K [0x00000000f6400000, 0x00000000fbd00000, 0x0000000100000000)
  eden space 32256K, 39% used [0x00000000f6400000,0x00000000f7089028,0x00000000f8380000)
  from space 5632K, 0% used [0x00000000f8380000,0x00000000f8380000,0x00000000f8900000)
  to   space 13312K, 0% used [0x00000000fb000000,0x00000000fb000000,0x00000000fbd00000)
 ParOldGen       total 24064K, used 23574K [0x00000000e2c00000, 0x00000000e4380000, 0x00000000f6400000)
  object space 24064K, 97% used [0x00000000e2c00000,0x00000000e43059e0,0x00000000e4380000)
 Metaspace       used 24080K, capacity 24624K, committed 24832K, reserved 1071104K
  class space    used 3074K, capacity 3248K, committed 3328K, reserved 1048576K
GC Heap History (10 events):
Event: 3.140 GC heap before
{Heap before GC invocations=4 (full 0):
 PSYoungGen      total 9216K, used 9187K [0x00000000f6400000, 0x00000000f7600000, 0x0000000100000000)
  eden space 8192K, 100% used [0x00000000f6400000,0x00000000f6c00000,0x00000000f6c00000)
  from space 1024K, 97% used [0x00000000f6c00000,0x00000000f6cf8cf0,0x00000000f6d00000)
  to   space 1024K, 0% used [0x00000000f7500000,0x00000000f7500000,0x00000000f7600000)
 ParOldGen       total 20480K, used 4320K [0x00000000e2c00000, 0x00000000e4000000, 0x00000000f6400000)
  object space 20480K, 21% used [0x00000000e2c00000,0x00000000e3038030,0x00000000e4000000)
 Metaspace       used 10257K, capacity 10394K, committed 10624K, reserved 1058816K
  class space    used 1075K, capacity 1147K, committed 1152K, reserved 1048576K
Event: 3.148 GC heap after
Heap after GC invocations=4 (full 0):
 PSYoungGen      total 17408K, used 1011K [0x00000000f6400000, 0x00000000f7600000, 0x0000000100000000)
  eden space 16384K, 0% used [0x00000000f6400000,0x00000000f6400000,0x00000000f7400000)
  from space 1024K, 98% used [0x00000000f7500000,0x00000000f75fcce0,0x00000000f7600000)
  to   space 1024K, 0% used [0x00000000f7400000,0x00000000f7400000,0x00000000f7500000)
 ParOldGen       total 20480K, used 6239K [0x00000000e2c00000, 0x00000000e4000000, 0x00000000f6400000)
  object space 20480K, 30% used [0x00000000e2c00000,0x00000000e3217e58,0x00000000e4000000)
 Metaspace       used 10257K, capacity 10394K, committed 10624K, reserved 1058816K
  class space    used 1075K, capacity 1147K, committed 1152K, reserved 1048576K
}
Event: 3.848 GC heap before
{Heap before GC invocations=5 (full 0):
 PSYoungGen      total 17408K, used 17395K [0x00000000f6400000, 0x00000000f7600000, 0x0000000100000000)
  eden space 16384K, 100% used [0x00000000f6400000,0x00000000f7400000,0x00000000f7400000)
  from space 1024K, 98% used [0x00000000f7500000,0x00000000f75fcce0,0x00000000f7600000)
  to   space 1024K, 0% used [0x00000000f7400000,0x00000000f7400000,0x00000000f7500000)
 ParOldGen       total 20480K, used 6239K [0x00000000e2c00000, 0x00000000e4000000, 0x00000000f6400000)
  object space 20480K, 30% used [0x00000000e2c00000,0x00000000e3217e58,0x00000000e4000000)
 Metaspace       used 12127K, capacity 12378K, committed 12416K, reserved 1060864K
  class space    used 1299K, capacity 1387K, committed 1408K, reserved 1048576K
Event: 3.860 GC heap after
Heap after GC invocations=5 (full 0):
 PSYoungGen      total 17408K, used 995K [0x00000000f6400000, 0x00000000f8e00000, 0x0000000100000000)
  eden space 16384K, 0% used [0x00000000f6400000,0x00000000f6400000,0x00000000f7400000)
  from space 1024K, 97% used [0x00000000f7400000,0x00000000f74f8cd0,0x00000000f7500000)
  to   space 5120K, 0% used [0x00000000f8900000,0x00000000f8900000,0x00000000f8e00000)
 ParOldGen       total 20480K, used 10227K [0x00000000e2c00000, 0x00000000e4000000, 0x00000000f6400000)
  object space 20480K, 49% used [0x00000000e2c00000,0x00000000e35fce88,0x00000000e4000000)
 Metaspace       used 12127K, capacity 12378K, committed 12416K, reserved 1060864K
  class space    used 1299K, capacity 1387K, committed 1408K, reserved 1048576K
}
Event: 5.122 GC heap before
{Heap before GC invocations=6 (full 0):
 PSYoungGen      total 17408K, used 17379K [0x00000000f6400000, 0x00000000f8e00000, 0x0000000100000000)
  eden space 16384K, 100% used [0x00000000f6400000,0x00000000f7400000,0x00000000f7400000)
  from space 1024K, 97% used [0x00000000f7400000,0x00000000f74f8cd0,0x00000000f7500000)
  to   space 5120K, 0% used [0x00000000f8900000,0x00000000f8900000,0x00000000f8e00000)
 ParOldGen       total 20480K, used 10227K [0x00000000e2c00000, 0x00000000e4000000, 0x00000000f6400000)
  object space 20480K, 49% used [0x00000000e2c00000,0x00000000e35fce88,0x00000000e4000000)
 Metaspace       used 15784K, capacity 16072K, committed 16256K, reserved 1062912K
  class space    used 1775K, capacity 1874K, committed 1920K, reserved 1048576K
Event: 5.133 GC heap after
Heap after GC invocations=6 (full 0):
 PSYoungGen      total 37376K, used 5091K [0x00000000f6400000, 0x00000000f8f00000, 0x0000000100000000)
  eden space 32256K, 0% used [0x00000000f6400000,0x00000000f6400000,0x00000000f8380000)
  from space 5120K, 99% used [0x00000000f8900000,0x00000000f8df8c58,0x00000000f8e00000)
  to   space 5632K, 0% used [0x00000000f8380000,0x00000000f8380000,0x00000000f8900000)
 ParOldGen       total 20480K, used 10227K [0x00000000e2c00000, 0x00000000e4000000, 0x00000000f6400000)
  object space 20480K, 49% used [0x00000000e2c00000,0x00000000e35fce88,0x00000000e4000000)
 Metaspace       used 15784K, capacity 16072K, committed 16256K, reserved 1062912K
  class space    used 1775K, capacity 1874K, committed 1920K, reserved 1048576K
}
Event: 7.125 GC heap before
{Heap before GC invocations=7 (full 0):
 PSYoungGen      total 37376K, used 37224K [0x00000000f6400000, 0x00000000f8f00000, 0x0000000100000000)
  eden space 32256K, 99% used [0x00000000f6400000,0x00000000f83616f0,0x00000000f8380000)
  from space 5120K, 99% used [0x00000000f8900000,0x00000000f8df8c58,0x00000000f8e00000)
  to   space 5632K, 0% used [0x00000000f8380000,0x00000000f8380000,0x00000000f8900000)
 ParOldGen       total 20480K, used 10227K [0x00000000e2c00000, 0x00000000e4000000, 0x00000000f6400000)
  object space 20480K, 49% used [0x00000000e2c00000,0x00000000e35fce88,0x00000000e4000000)
 Metaspace       used 20725K, capacity 21178K, committed 21248K, reserved 1069056K
  class space    used 2354K, capacity 2527K, committed 2560K, reserved 1048576K
Event: 7.160 GC heap after
Heap after GC invocations=7 (full 0):
 PSYoungGen      total 37888K, used 5624K [0x00000000f6400000, 0x00000000fbd00000, 0x0000000100000000)
  eden space 32256K, 0% used [0x00000000f6400000,0x00000000f6400000,0x00000000f8380000)
  from space 5632K, 99% used [0x00000000f8380000,0x00000000f88fe2d0,0x00000000f8900000)
  to   space 13312K, 0% used [0x00000000fb000000,0x00000000fb000000,0x00000000fbd00000)
 ParOldGen       total 24064K, used 23763K [0x00000000e2c00000, 0x00000000e4380000, 0x00000000f6400000)
  object space 24064K, 98% used [0x00000000e2c00000,0x00000000e4334d10,0x00000000e4380000)
 Metaspace       used 20725K, capacity 21178K, committed 21248K, reserved 1069056K
  class space    used 2354K, capacity 2527K, committed 2560K, reserved 1048576K
}
Event: 7.161 GC heap before
{Heap before GC invocations=8 (full 1):
 PSYoungGen      total 37888K, used 5624K [0x00000000f6400000, 0x00000000fbd00000, 0x0000000100000000)
  eden space 32256K, 0% used [0x00000000f6400000,0x00000000f6400000,0x00000000f8380000)
  from space 5632K, 99% used [0x00000000f8380000,0x00000000f88fe2d0,0x00000000f8900000)
  to   space 13312K, 0% used [0x00000000fb000000,0x00000000fb000000,0x00000000fbd00000)
 ParOldGen       total 24064K, used 23763K [0x00000000e2c00000, 0x00000000e4380000, 0x00000000f6400000)
  object space 24064K, 98% used [0x00000000e2c00000,0x00000000e4334d10,0x00000000e4380000)
 Metaspace       used 20725K, capacity 21178K, committed 21248K, reserved 1069056K
  class space    used 2354K, capacity 2527K, committed 2560K, reserved 1048576K
Event: 7.277 GC heap after
Heap after GC invocations=8 (full 1):
 PSYoungGen      total 37888K, used 0K [0x00000000f6400000, 0x00000000fbd00000, 0x0000000100000000)
  eden space 32256K, 0% used [0x00000000f6400000,0x00000000f6400000,0x00000000f8380000)
  from space 5632K, 0% used [0x00000000f8380000,0x00000000f8380000,0x00000000f8900000)
  to   space 13312K, 0% used [0x00000000fb000000,0x00000000fb000000,0x00000000fbd00000)
 ParOldGen       total 24064K, used 23574K [0x00000000e2c00000, 0x00000000e4380000, 0x00000000f6400000)
  object space 24064K, 97% used [0x00000000e2c00000,0x00000000e43059e0,0x00000000e4380000)
 Metaspace       used 20725K, capacity 21178K, committed 21248K, reserved 1069056K
  class space    used 2354K, capacity 2527K, committed 2560K, reserved 1048576K
}

