# JRE version: OpenJDK Runtime Environment (8.0_242-b01) (build 1.8.0_242-release-1644-b01)
# Java VM: OpenJDK 64-Bit Server VM (25.242-b01 mixed mode windows-amd64 compressed oops)
Heap:
 PSYoungGen      total 109056K, used 33947K [0x00000000f6400000, 0x00000000fff00000, 0x0000000100000000)
  eden space 74240K, 45% used [0x00000000f6400000,0x00000000f8526c10,0x00000000fac80000)
  from space 34816K, 0% used [0x00000000fac80000,0x00000000fac80000,0x00000000fce80000)
  to   space 33792K, 0% used [0x00000000fde00000,0x00000000fde00000,0x00000000fff00000)
 ParOldGen       total 66560K, used 59418K [0x00000000e2c00000, 0x00000000e6d00000, 0x00000000f6400000)
  object space 66560K, 89% used [0x00000000e2c00000,0x00000000e6606a28,0x00000000e6d00000)
 Metaspace       used 61421K, capacity 62628K, committed 62740K, reserved 1103872K
  class space    used 7179K, capacity 7480K, committed 7484K, reserved 1048576K
GC Heap History (10 events):
Event: 10.388 GC heap before
{Heap before GC invocations=14 (full 2):
 PSYoungGen      total 75776K, used 69760K [0x00000000f6400000, 0x00000000fd080000, 0x0000000100000000)
  eden space 55296K, 100% used [0x00000000f6400000,0x00000000f9a00000,0x00000000f9a00000)
  from space 20480K, 70% used [0x00000000f9a00000,0x00000000fa820228,0x00000000fae00000)
  to   space 21504K, 0% used [0x00000000fbb80000,0x00000000fbb80000,0x00000000fd080000)
 ParOldGen       total 66560K, used 36169K [0x00000000e2c00000, 0x00000000e6d00000, 0x00000000f6400000)
  object space 66560K, 54% used [0x00000000e2c00000,0x00000000e4f52578,0x00000000e6d00000)
 Metaspace       used 45806K, capacity 46542K, committed 46936K, reserved 1091584K
  class space    used 5479K, capacity 5705K, committed 5760K, reserved 1048576K
Event: 10.420 GC heap after
Heap after GC invocations=14 (full 2):
 PSYoungGen      total 87552K, used 18120K [0x00000000f6400000, 0x00000000fd400000, 0x0000000100000000)
  eden space 66048K, 0% used [0x00000000f6400000,0x00000000f6400000,0x00000000fa480000)
  from space 21504K, 84% used [0x00000000fbb80000,0x00000000fcd32348,0x00000000fd080000)
  to   space 23552K, 0% used [0x00000000fa480000,0x00000000fa480000,0x00000000fbb80000)
 ParOldGen       total 66560K, used 36177K [0x00000000e2c00000, 0x00000000e6d00000, 0x00000000f6400000)
  object space 66560K, 54% used [0x00000000e2c00000,0x00000000e4f54578,0x00000000e6d00000)
 Metaspace       used 45806K, capacity 46542K, committed 46936K, reserved 1091584K
  class space    used 5479K, capacity 5705K, committed 5760K, reserved 1048576K
}
Event: 12.742 GC heap before
{Heap before GC invocations=15 (full 2):
 PSYoungGen      total 87552K, used 84168K [0x00000000f6400000, 0x00000000fd400000, 0x0000000100000000)
  eden space 66048K, 100% used [0x00000000f6400000,0x00000000fa480000,0x00000000fa480000)
  from space 21504K, 84% used [0x00000000fbb80000,0x00000000fcd32348,0x00000000fd080000)
  to   space 23552K, 0% used [0x00000000fa480000,0x00000000fa480000,0x00000000fbb80000)
 ParOldGen       total 66560K, used 36177K [0x00000000e2c00000, 0x00000000e6d00000, 0x00000000f6400000)
  object space 66560K, 54% used [0x00000000e2c00000,0x00000000e4f54578,0x00000000e6d00000)
 Metaspace       used 49086K, capacity 49978K, committed 50392K, reserved 1093632K
  class space    used 5817K, capacity 6085K, committed 6144K, reserved 1048576K
Event: 12.794 GC heap after
Heap after GC invocations=15 (full 2):
 PSYoungGen      total 89600K, used 23528K [0x00000000f6400000, 0x00000000fea00000, 0x0000000100000000)
  eden space 66048K, 0% used [0x00000000f6400000,0x00000000f6400000,0x00000000fa480000)
  from space 23552K, 99% used [0x00000000fa480000,0x00000000fbb7a310,0x00000000fbb80000)
  to   space 28160K, 0% used [0x00000000fce80000,0x00000000fce80000,0x00000000fea00000)
 ParOldGen       total 66560K, used 38282K [0x00000000e2c00000, 0x00000000e6d00000, 0x00000000f6400000)
  object space 66560K, 57% used [0x00000000e2c00000,0x00000000e5162890,0x00000000e6d00000)
 Metaspace       used 49086K, capacity 49978K, committed 50392K, reserved 1093632K
  class space    used 5817K, capacity 6085K, committed 6144K, reserved 1048576K
}
Event: 16.242 GC heap before
{Heap before GC invocations=16 (full 2):
 PSYoungGen      total 89600K, used 89576K [0x00000000f6400000, 0x00000000fea00000, 0x0000000100000000)
  eden space 66048K, 100% used [0x00000000f6400000,0x00000000fa480000,0x00000000fa480000)
  from space 23552K, 99% used [0x00000000fa480000,0x00000000fbb7a310,0x00000000fbb80000)
  to   space 28160K, 0% used [0x00000000fce80000,0x00000000fce80000,0x00000000fea00000)
 ParOldGen       total 66560K, used 38282K [0x00000000e2c00000, 0x00000000e6d00000, 0x00000000f6400000)
  object space 66560K, 57% used [0x00000000e2c00000,0x00000000e5162890,0x00000000e6d00000)
 Metaspace       used 56212K, capacity 57372K, committed 57688K, reserved 1099776K
  class space    used 6631K, capacity 6930K, committed 7040K, reserved 1048576K
Event: 16.301 GC heap after
Heap after GC invocations=16 (full 2):
 PSYoungGen      total 102400K, used 28145K [0x00000000f6400000, 0x00000000ff680000, 0x0000000100000000)
  eden space 74240K, 0% used [0x00000000f6400000,0x00000000f6400000,0x00000000fac80000)
  from space 28160K, 99% used [0x00000000fce80000,0x00000000fe9fc548,0x00000000fea00000)
  to   space 34816K, 0% used [0x00000000fac80000,0x00000000fac80000,0x00000000fce80000)
 ParOldGen       total 66560K, used 43712K [0x00000000e2c00000, 0x00000000e6d00000, 0x00000000f6400000)
  object space 66560K, 65% used [0x00000000e2c00000,0x00000000e56b0058,0x00000000e6d00000)
 Metaspace       used 56212K, capacity 57372K, committed 57688K, reserved 1099776K
  class space    used 6631K, capacity 6930K, committed 7040K, reserved 1048576K
}
Event: 17.693 GC heap before
{Heap before GC invocations=17 (full 2):
 PSYoungGen      total 102400K, used 47610K [0x00000000f6400000, 0x00000000ff680000, 0x0000000100000000)
  eden space 74240K, 26% used [0x00000000f6400000,0x00000000f77023d0,0x00000000fac80000)
  from space 28160K, 99% used [0x00000000fce80000,0x00000000fe9fc548,0x00000000fea00000)
  to   space 34816K, 0% used [0x00000000fac80000,0x00000000fac80000,0x00000000fce80000)
 ParOldGen       total 66560K, used 43712K [0x00000000e2c00000, 0x00000000e6d00000, 0x00000000f6400000)
  object space 66560K, 65% used [0x00000000e2c00000,0x00000000e56b0058,0x00000000e6d00000)
 Metaspace       used 57679K, capacity 58868K, committed 59028K, reserved 1101824K
  class space    used 6743K, capacity 7062K, committed 7100K, reserved 1048576K
Event: 17.739 GC heap after
Heap after GC invocations=17 (full 2):
 PSYoungGen      total 109056K, used 16168K [0x00000000f6400000, 0x00000000fff00000, 0x0000000100000000)
  eden space 74240K, 0% used [0x00000000f6400000,0x00000000f6400000,0x00000000fac80000)
  from space 34816K, 46% used [0x00000000fac80000,0x00000000fbc4a080,0x00000000fce80000)
  to   space 33792K, 0% used [0x00000000fde00000,0x00000000fde00000,0x00000000fff00000)
 ParOldGen       total 66560K, used 56548K [0x00000000e2c00000, 0x00000000e6d00000, 0x00000000f6400000)
  object space 66560K, 84% used [0x00000000e2c00000,0x00000000e63392d0,0x00000000e6d00000)
 Metaspace       used 57679K, capacity 58868K, committed 59028K, reserved 1101824K
  class space    used 6743K, capacity 7062K, committed 7100K, reserved 1048576K
}
Event: 17.739 GC heap before
{Heap before GC invocations=18 (full 3):
 PSYoungGen      total 109056K, used 16168K [0x00000000f6400000, 0x00000000fff00000, 0x0000000100000000)
  eden space 74240K, 0% used [0x00000000f6400000,0x00000000f6400000,0x00000000fac80000)
  from space 34816K, 46% used [0x00000000fac80000,0x00000000fbc4a080,0x00000000fce80000)
  to   space 33792K, 0% used [0x00000000fde00000,0x00000000fde00000,0x00000000fff00000)
 ParOldGen       total 66560K, used 56548K [0x00000000e2c00000, 0x00000000e6d00000, 0x00000000f6400000)
  object space 66560K, 84% used [0x00000000e2c00000,0x00000000e63392d0,0x00000000e6d00000)
 Metaspace       used 57679K, capacity 58868K, committed 59028K, reserved 1101824K
  class space    used 6743K, capacity 7062K, committed 7100K, reserved 1048576K
Event: 18.096 GC heap after
Heap after GC invocations=18 (full 3):
 PSYoungGen      total 109056K, used 0K [0x00000000f6400000, 0x00000000fff00000, 0x0000000100000000)
  eden space 74240K, 0% used [0x00000000f6400000,0x00000000f6400000,0x00000000fac80000)
  from space 34816K, 0% used [0x00000000fac80000,0x00000000fac80000,0x00000000fce80000)
  to   space 33792K, 0% used [0x00000000fde00000,0x00000000fde00000,0x00000000fff00000)
 ParOldGen       total 66560K, used 59418K [0x00000000e2c00000, 0x00000000e6d00000, 0x00000000f6400000)
  object space 66560K, 89% used [0x00000000e2c00000,0x00000000e6606a28,0x00000000e6d00000)
 Metaspace       used 57679K, capacity 58868K, committed 59028K, reserved 1101824K
  class space    used 6743K, capacity 7062K, committed 7100K, reserved 1048576K
}

