# JRE version: OpenJDK Runtime Environment (8.0_242-b01) (build 1.8.0_242-release-1644-b01)
# Java VM: OpenJDK 64-Bit Server VM (25.242-b01 mixed mode windows-amd64 compressed oops)
Heap:
 PSYoungGen      total 337408K, used 102077K [0x00000000d5580000, 0x00000000efb80000, 0x0000000100000000)
  eden space 282112K, 23% used [0x00000000d5580000,0x00000000d955da00,0x00000000e6900000)
  from space 55296K, 66% used [0x00000000e6900000,0x00000000e8cd1a98,0x00000000e9f00000)
  to   space 60416K, 0% used [0x00000000ec080000,0x00000000ec080000,0x00000000efb80000)
 ParOldGen       total 180736K, used 114307K [0x0000000080000000, 0x000000008b080000, 0x00000000d5580000)
  object space 180736K, 63% used [0x0000000080000000,0x0000000086fa0f48,0x000000008b080000)
 Metaspace       used 89966K, capacity 94430K, committed 94504K, reserved 1130496K
  class space    used 11949K, capacity 12827K, committed 12848K, reserved 1048576K
GC Heap History (10 events):
Event: 49.743 GC heap before
{Heap before GC invocations=26 (full 5):
 PSYoungGen      total 296448K, used 41469K [0x00000000d5580000, 0x00000000edf00000, 0x0000000100000000)
  eden space 254976K, 0% used [0x00000000d5580000,0x00000000d5580000,0x00000000e4e80000)
  from space 41472K, 99% used [0x00000000e4e80000,0x00000000e76ff4b8,0x00000000e7700000)
  to   space 56832K, 0% used [0x00000000ea780000,0x00000000ea780000,0x00000000edf00000)
 ParOldGen       total 114688K, used 111561K [0x0000000080000000, 0x0000000087000000, 0x00000000d5580000)
  object space 114688K, 97% used [0x0000000080000000,0x0000000086cf2618,0x0000000087000000)
 Metaspace       used 87830K, capacity 92010K, committed 92328K, reserved 1128448K
  class space    used 11755K, capacity 12621K, committed 12720K, reserved 1048576K
Event: 52.742 GC heap after
Heap after GC invocations=26 (full 5):
 PSYoungGen      total 296448K, used 508K [0x00000000d5580000, 0x00000000edf00000, 0x0000000100000000)
  eden space 254976K, 0% used [0x00000000d5580000,0x00000000d5580000,0x00000000e4e80000)
  from space 41472K, 1% used [0x00000000e4e80000,0x00000000e4eff170,0x00000000e7700000)
  to   space 56832K, 0% used [0x00000000ea780000,0x00000000ea780000,0x00000000edf00000)
 ParOldGen       total 180736K, used 114251K [0x0000000080000000, 0x000000008b080000, 0x00000000d5580000)
  object space 180736K, 63% used [0x0000000080000000,0x0000000086f92f28,0x000000008b080000)
 Metaspace       used 87661K, capacity 91652K, committed 92328K, reserved 1128448K
  class space    used 11694K, capacity 12510K, committed 12720K, reserved 1048576K
}
Event: 58.710 GC heap before
{Heap before GC invocations=27 (full 5):
 PSYoungGen      total 296448K, used 255484K [0x00000000d5580000, 0x00000000edf00000, 0x0000000100000000)
  eden space 254976K, 100% used [0x00000000d5580000,0x00000000e4e80000,0x00000000e4e80000)
  from space 41472K, 1% used [0x00000000e4e80000,0x00000000e4eff170,0x00000000e7700000)
  to   space 56832K, 0% used [0x00000000ea780000,0x00000000ea780000,0x00000000edf00000)
 ParOldGen       total 180736K, used 114251K [0x0000000080000000, 0x000000008b080000, 0x00000000d5580000)
  object space 180736K, 63% used [0x0000000080000000,0x0000000086f92f28,0x000000008b080000)
 Metaspace       used 89363K, capacity 93824K, committed 93992K, reserved 1130496K
  class space    used 11890K, capacity 12760K, committed 12848K, reserved 1048576K
Event: 58.972 GC heap after
Heap after GC invocations=27 (full 5):
 PSYoungGen      total 328704K, used 10558K [0x00000000d5580000, 0x00000000ed500000, 0x0000000100000000)
  eden space 282112K, 0% used [0x00000000d5580000,0x00000000d5580000,0x00000000e6900000)
  from space 46592K, 22% used [0x00000000ea780000,0x00000000eb1cf988,0x00000000ed500000)
  to   space 55296K, 0% used [0x00000000e6900000,0x00000000e6900000,0x00000000e9f00000)
 ParOldGen       total 180736K, used 114283K [0x0000000080000000, 0x000000008b080000, 0x00000000d5580000)
  object space 180736K, 63% used [0x0000000080000000,0x0000000086f9af48,0x000000008b080000)
 Metaspace       used 89363K, capacity 93824K, committed 93992K, reserved 1130496K
  class space    used 11890K, capacity 12760K, committed 12848K, reserved 1048576K
}
Event: 61.673 GC heap before
{Heap before GC invocations=28 (full 5):
 PSYoungGen      total 328704K, used 292670K [0x00000000d5580000, 0x00000000ed500000, 0x0000000100000000)
  eden space 282112K, 100% used [0x00000000d5580000,0x00000000e6900000,0x00000000e6900000)
  from space 46592K, 22% used [0x00000000ea780000,0x00000000eb1cf988,0x00000000ed500000)
  to   space 55296K, 0% used [0x00000000e6900000,0x00000000e6900000,0x00000000e9f00000)
 ParOldGen       total 180736K, used 114283K [0x0000000080000000, 0x000000008b080000, 0x00000000d5580000)
  object space 180736K, 63% used [0x0000000080000000,0x0000000086f9af48,0x000000008b080000)
 Metaspace       used 89747K, capacity 94240K, committed 94504K, reserved 1130496K
  class space    used 11941K, capacity 12820K, committed 12848K, reserved 1048576K
Event: 61.768 GC heap after
Heap after GC invocations=28 (full 5):
 PSYoungGen      total 337408K, used 32802K [0x00000000d5580000, 0x00000000ed500000, 0x0000000100000000)
  eden space 282112K, 0% used [0x00000000d5580000,0x00000000d5580000,0x00000000e6900000)
  from space 55296K, 59% used [0x00000000e6900000,0x00000000e89088a0,0x00000000e9f00000)
  to   space 46592K, 0% used [0x00000000ea780000,0x00000000ea780000,0x00000000ed500000)
 ParOldGen       total 180736K, used 114291K [0x0000000080000000, 0x000000008b080000, 0x00000000d5580000)
  object space 180736K, 63% used [0x0000000080000000,0x0000000086f9cf48,0x000000008b080000)
 Metaspace       used 89747K, capacity 94240K, committed 94504K, reserved 1130496K
  class space    used 11941K, capacity 12820K, committed 12848K, reserved 1048576K
}
Event: 63.952 GC heap before
{Heap before GC invocations=29 (full 5):
 PSYoungGen      total 337408K, used 314914K [0x00000000d5580000, 0x00000000ed500000, 0x0000000100000000)
  eden space 282112K, 100% used [0x00000000d5580000,0x00000000e6900000,0x00000000e6900000)
  from space 55296K, 59% used [0x00000000e6900000,0x00000000e89088a0,0x00000000e9f00000)
  to   space 46592K, 0% used [0x00000000ea780000,0x00000000ea780000,0x00000000ed500000)
 ParOldGen       total 180736K, used 114291K [0x0000000080000000, 0x000000008b080000, 0x00000000d5580000)
  object space 180736K, 63% used [0x0000000080000000,0x0000000086f9cf48,0x000000008b080000)
 Metaspace       used 89844K, capacity 94338K, committed 94504K, reserved 1130496K
  class space    used 11948K, capacity 12825K, committed 12848K, reserved 1048576K
Event: 64.034 GC heap after
Heap after GC invocations=29 (full 5):
 PSYoungGen      total 328704K, used 37507K [0x00000000d5580000, 0x00000000ed500000, 0x0000000100000000)
  eden space 282112K, 0% used [0x00000000d5580000,0x00000000d5580000,0x00000000e6900000)
  from space 46592K, 80% used [0x00000000ea780000,0x00000000ecc20da8,0x00000000ed500000)
  to   space 55296K, 0% used [0x00000000e6900000,0x00000000e6900000,0x00000000e9f00000)
 ParOldGen       total 180736K, used 114299K [0x0000000080000000, 0x000000008b080000, 0x00000000d5580000)
  object space 180736K, 63% used [0x0000000080000000,0x0000000086f9ef48,0x000000008b080000)
 Metaspace       used 89844K, capacity 94338K, committed 94504K, reserved 1130496K
  class space    used 11948K, capacity 12825K, committed 12848K, reserved 1048576K
}
Event: 66.544 GC heap before
{Heap before GC invocations=30 (full 5):
 PSYoungGen      total 328704K, used 319619K [0x00000000d5580000, 0x00000000ed500000, 0x0000000100000000)
  eden space 282112K, 100% used [0x00000000d5580000,0x00000000e6900000,0x00000000e6900000)
  from space 46592K, 80% used [0x00000000ea780000,0x00000000ecc20da8,0x00000000ed500000)
  to   space 55296K, 0% used [0x00000000e6900000,0x00000000e6900000,0x00000000e9f00000)
 ParOldGen       total 180736K, used 114299K [0x0000000080000000, 0x000000008b080000, 0x00000000d5580000)
  object space 180736K, 63% used [0x0000000080000000,0x0000000086f9ef48,0x000000008b080000)
 Metaspace       used 89956K, capacity 94416K, committed 94504K, reserved 1130496K
  class space    used 11949K, capacity 12826K, committed 12848K, reserved 1048576K
Event: 66.670 GC heap after
Heap after GC invocations=30 (full 5):
 PSYoungGen      total 337408K, used 36678K [0x00000000d5580000, 0x00000000efb80000, 0x0000000100000000)
  eden space 282112K, 0% used [0x00000000d5580000,0x00000000d5580000,0x00000000e6900000)
  from space 55296K, 66% used [0x00000000e6900000,0x00000000e8cd1a98,0x00000000e9f00000)
  to   space 60416K, 0% used [0x00000000ec080000,0x00000000ec080000,0x00000000efb80000)
 ParOldGen       total 180736K, used 114307K [0x0000000080000000, 0x000000008b080000, 0x00000000d5580000)
  object space 180736K, 63% used [0x0000000080000000,0x0000000086fa0f48,0x000000008b080000)
 Metaspace       used 89956K, capacity 94416K, committed 94504K, reserved 1130496K
  class space    used 11949K, capacity 12826K, committed 12848K, reserved 1048576K
}

