# JRE version: OpenJDK Runtime Environment (8.0_242-b01) (build 1.8.0_242-release-1644-b01)
# Java VM: OpenJDK 64-Bit Server VM (25.242-b01 mixed mode windows-amd64 compressed oops)
Heap:
 PSYoungGen      total 639488K, used 469250K [0x00000000d5580000, 0x0000000100000000, 0x0000000100000000)
  eden space 580096K, 74% used [0x00000000d5580000,0x00000000efe2c400,0x00000000f8c00000)
  from space 59392K, 57% used [0x00000000f8c00000,0x00000000fad94510,0x00000000fc600000)
  to   space 59392K, 0% used [0x00000000fc600000,0x00000000fc600000,0x0000000100000000)
 ParOldGen       total 226816K, used 165470K [0x0000000080000000, 0x000000008dd80000, 0x00000000d5580000)
  object space 226816K, 72% used [0x0000000080000000,0x000000008a197908,0x000000008dd80000)
 Metaspace       used 210627K, capacity 225186K, committed 225320K, reserved 1245184K
  class space    used 26881K, capacity 29426K, committed 29488K, reserved 1048576K
GC Heap History (10 events):
Event: 4385.391 GC heap before
{Heap before GC invocations=54 (full 7):
 PSYoungGen      total 624128K, used 578237K [0x00000000d5580000, 0x00000000ffa00000, 0x0000000100000000)
  eden space 563712K, 100% used [0x00000000d5580000,0x00000000f7c00000,0x00000000f7c00000)
  from space 60416K, 24% used [0x00000000fbf00000,0x00000000fcd2f6b0,0x00000000ffa00000)
  to   space 64512K, 0% used [0x00000000f7c00000,0x00000000f7c00000,0x00000000fbb00000)
 ParOldGen       total 226816K, used 165438K [0x0000000080000000, 0x000000008dd80000, 0x00000000d5580000)
  object space 226816K, 72% used [0x0000000080000000,0x000000008a18f908,0x000000008dd80000)
 Metaspace       used 204571K, capacity 216942K, committed 217256K, reserved 1239040K
  class space    used 26194K, capacity 28479K, committed 28592K, reserved 1048576K
Event: 4386.597 GC heap after
Heap after GC invocations=54 (full 7):
 PSYoungGen      total 628224K, used 15933K [0x00000000d5580000, 0x00000000fff00000, 0x0000000100000000)
  eden space 563712K, 0% used [0x00000000d5580000,0x00000000d5580000,0x00000000f7c00000)
  from space 64512K, 24% used [0x00000000f7c00000,0x00000000f8b8f608,0x00000000fbb00000)
  to   space 61952K, 0% used [0x00000000fc280000,0x00000000fc280000,0x00000000fff00000)
 ParOldGen       total 226816K, used 165438K [0x0000000080000000, 0x000000008dd80000, 0x00000000d5580000)
  object space 226816K, 72% used [0x0000000080000000,0x000000008a18f908,0x000000008dd80000)
 Metaspace       used 204571K, capacity 216942K, committed 217256K, reserved 1239040K
  class space    used 26194K, capacity 28479K, committed 28592K, reserved 1048576K
}
Event: 4693.343 GC heap before
{Heap before GC invocations=55 (full 7):
 PSYoungGen      total 628224K, used 579645K [0x00000000d5580000, 0x00000000fff00000, 0x0000000100000000)
  eden space 563712K, 100% used [0x00000000d5580000,0x00000000f7c00000,0x00000000f7c00000)
  from space 64512K, 24% used [0x00000000f7c00000,0x00000000f8b8f608,0x00000000fbb00000)
  to   space 61952K, 0% used [0x00000000fc280000,0x00000000fc280000,0x00000000fff00000)
 ParOldGen       total 226816K, used 165438K [0x0000000080000000, 0x000000008dd80000, 0x00000000d5580000)
  object space 226816K, 72% used [0x0000000080000000,0x000000008a18f908,0x000000008dd80000)
 Metaspace       used 204857K, capacity 217416K, committed 217512K, reserved 1239040K
  class space    used 26213K, capacity 28515K, committed 28592K, reserved 1048576K
Event: 4694.667 GC heap after
Heap after GC invocations=55 (full 7):
 PSYoungGen      total 626688K, used 19516K [0x00000000d5580000, 0x00000000ff780000, 0x0000000100000000)
  eden space 572416K, 0% used [0x00000000d5580000,0x00000000d5580000,0x00000000f8480000)
  from space 54272K, 35% used [0x00000000fc280000,0x00000000fd58f0d8,0x00000000ff780000)
  to   space 58880K, 0% used [0x00000000f8480000,0x00000000f8480000,0x00000000fbe00000)
 ParOldGen       total 226816K, used 165446K [0x0000000080000000, 0x000000008dd80000, 0x00000000d5580000)
  object space 226816K, 72% used [0x0000000080000000,0x000000008a191908,0x000000008dd80000)
 Metaspace       used 204857K, capacity 217416K, committed 217512K, reserved 1239040K
  class space    used 26213K, capacity 28515K, committed 28592K, reserved 1048576K
}
Event: 5040.751 GC heap before
{Heap before GC invocations=56 (full 7):
 PSYoungGen      total 626688K, used 591932K [0x00000000d5580000, 0x00000000ff780000, 0x0000000100000000)
  eden space 572416K, 100% used [0x00000000d5580000,0x00000000f8480000,0x00000000f8480000)
  from space 54272K, 35% used [0x00000000fc280000,0x00000000fd58f0d8,0x00000000ff780000)
  to   space 58880K, 0% used [0x00000000f8480000,0x00000000f8480000,0x00000000fbe00000)
 ParOldGen       total 226816K, used 165446K [0x0000000080000000, 0x000000008dd80000, 0x00000000d5580000)
  object space 226816K, 72% used [0x0000000080000000,0x000000008a191908,0x000000008dd80000)
 Metaspace       used 206250K, capacity 220214K, committed 220456K, reserved 1241088K
  class space    used 26457K, capacity 28928K, committed 28976K, reserved 1048576K
Event: 5042.641 GC heap after
Heap after GC invocations=56 (full 7):
 PSYoungGen      total 631296K, used 13923K [0x00000000d5580000, 0x0000000100000000, 0x0000000100000000)
  eden space 572416K, 0% used [0x00000000d5580000,0x00000000d5580000,0x00000000f8480000)
  from space 58880K, 23% used [0x00000000f8480000,0x00000000f9218c18,0x00000000fbe00000)
  to   space 56832K, 0% used [0x00000000fc880000,0x00000000fc880000,0x0000000100000000)
 ParOldGen       total 226816K, used 165454K [0x0000000080000000, 0x000000008dd80000, 0x00000000d5580000)
  object space 226816K, 72% used [0x0000000080000000,0x000000008a193908,0x000000008dd80000)
 Metaspace       used 206250K, capacity 220214K, committed 220456K, reserved 1241088K
  class space    used 26457K, capacity 28928K, committed 28976K, reserved 1048576K
}
Event: 5088.984 GC heap before
{Heap before GC invocations=57 (full 7):
 PSYoungGen      total 631296K, used 586339K [0x00000000d5580000, 0x0000000100000000, 0x0000000100000000)
  eden space 572416K, 100% used [0x00000000d5580000,0x00000000f8480000,0x00000000f8480000)
  from space 58880K, 23% used [0x00000000f8480000,0x00000000f9218c18,0x00000000fbe00000)
  to   space 56832K, 0% used [0x00000000fc880000,0x00000000fc880000,0x0000000100000000)
 ParOldGen       total 226816K, used 165454K [0x0000000080000000, 0x000000008dd80000, 0x00000000d5580000)
  object space 226816K, 72% used [0x0000000080000000,0x000000008a193908,0x000000008dd80000)
 Metaspace       used 206896K, capacity 221268K, committed 221352K, reserved 1241088K
  class space    used 26543K, capacity 29045K, committed 29104K, reserved 1048576K
Event: 5090.540 GC heap after
Heap after GC invocations=57 (full 7):
 PSYoungGen      total 636928K, used 37649K [0x00000000d5580000, 0x0000000100000000, 0x0000000100000000)
  eden space 580096K, 0% used [0x00000000d5580000,0x00000000d5580000,0x00000000f8c00000)
  from space 56832K, 66% used [0x00000000fc880000,0x00000000fed444e0,0x0000000100000000)
  to   space 59392K, 0% used [0x00000000f8c00000,0x00000000f8c00000,0x00000000fc600000)
 ParOldGen       total 226816K, used 165462K [0x0000000080000000, 0x000000008dd80000, 0x00000000d5580000)
  object space 226816K, 72% used [0x0000000080000000,0x000000008a195908,0x000000008dd80000)
 Metaspace       used 206896K, capacity 221268K, committed 221352K, reserved 1241088K
  class space    used 26543K, capacity 29045K, committed 29104K, reserved 1048576K
}
Event: 5110.399 GC heap before
{Heap before GC invocations=58 (full 7):
 PSYoungGen      total 636928K, used 617745K [0x00000000d5580000, 0x0000000100000000, 0x0000000100000000)
  eden space 580096K, 100% used [0x00000000d5580000,0x00000000f8c00000,0x00000000f8c00000)
  from space 56832K, 66% used [0x00000000fc880000,0x00000000fed444e0,0x0000000100000000)
  to   space 59392K, 0% used [0x00000000f8c00000,0x00000000f8c00000,0x00000000fc600000)
 ParOldGen       total 226816K, used 165462K [0x0000000080000000, 0x000000008dd80000, 0x00000000d5580000)
  object space 226816K, 72% used [0x0000000080000000,0x000000008a195908,0x000000008dd80000)
 Metaspace       used 210385K, capacity 224922K, committed 225064K, reserved 1245184K
  class space    used 26854K, capacity 29410K, committed 29488K, reserved 1048576K
Event: 5111.851 GC heap after
Heap after GC invocations=58 (full 7):
 PSYoungGen      total 639488K, used 34385K [0x00000000d5580000, 0x0000000100000000, 0x0000000100000000)
  eden space 580096K, 0% used [0x00000000d5580000,0x00000000d5580000,0x00000000f8c00000)
  from space 59392K, 57% used [0x00000000f8c00000,0x00000000fad94510,0x00000000fc600000)
  to   space 59392K, 0% used [0x00000000fc600000,0x00000000fc600000,0x0000000100000000)
 ParOldGen       total 226816K, used 165470K [0x0000000080000000, 0x000000008dd80000, 0x00000000d5580000)
  object space 226816K, 72% used [0x0000000080000000,0x000000008a197908,0x000000008dd80000)
 Metaspace       used 210385K, capacity 224922K, committed 225064K, reserved 1245184K
  class space    used 26854K, capacity 29410K, committed 29488K, reserved 1048576K
}

